"../../../Engine/Content/EditorResources/S_Actor.ubulk" 0
"../../../Engine/Content/EditorResources/S_Actor.uasset" 1
"../../../Engine/Content/EditorResources/S_Actor.uexp" 2
"../../../Engine/Content/EditorResources/S_BoxReflectionCapture.uasset" 3
"../../../Engine/Content/EditorResources/S_BoxReflectionCapture.uexp" 4
"../../../Engine/Content/EngineResources/DefaultTexture.ubulk" 5
"../../../Engine/Content/EngineResources/DefaultTexture.uasset" 6
"../../../Engine/Content/EngineResources/DefaultTexture.uexp" 7
"../../../Engine/Content/EngineResources/DefaultTextureCube.uasset" 8
"../../../Engine/Content/EngineResources/DefaultTextureCube.uexp" 9
"../../../Engine/Content/EngineResources/DefaultVolumeTexture2D.uasset" 10
"../../../Engine/Content/EngineResources/DefaultVolumeTexture2D.uexp" 11
"../../../Engine/Content/EngineResources/DefaultVolumeTexture.uasset" 12
"../../../Engine/Content/EngineResources/DefaultVolumeTexture.uexp" 13
"../../../Engine/Content/EditorResources/S_Trigger.ubulk" 14
"../../../Engine/Content/EditorResources/S_Trigger.uasset" 15
"../../../Engine/Content/EditorResources/S_Trigger.uexp" 16
"../../../Engine/Content/EditorResources/S_TriggerBox.uasset" 17
"../../../Engine/Content/EditorResources/S_TriggerBox.uexp" 18
"../../../Engine/Content/EditorResources/S_TriggerCapsule.uasset" 19
"../../../Engine/Content/EditorResources/S_TriggerCapsule.uexp" 20
"../../../Engine/Content/EditorResources/S_TriggerSphere.uasset" 21
"../../../Engine/Content/EditorResources/S_TriggerSphere.uexp" 22
"../../../Engine/Content/EngineMeshes/Sphere.ubulk" 23
"../../../Engine/Content/EngineMeshes/Sphere.uasset" 24
"../../../Engine/Content/EngineMeshes/Sphere.uexp" 25
"../../../Engine/Content/EngineResources/GradientTexture0.uasset" 26
"../../../Engine/Content/EngineResources/GradientTexture0.uexp" 27
"../../../Engine/Content/EngineResources/Black.uasset" 28
"../../../Engine/Content/EngineResources/Black.uexp" 29
"../../../Engine/Content/VREditor/LaserPointer/VR_LaserPower_01.ubulk" 30
"../../../Engine/Content/VREditor/LaserPointer/VR_LaserPower_01.uasset" 31
"../../../Engine/Content/VREditor/LaserPointer/VR_LaserPower_01.uexp" 32
"../../../Engine/Content/VREditor/TransformGizmo/TransformGizmoMaterial.uasset" 33
"../../../Engine/Content/VREditor/TransformGizmo/TransformGizmoMaterial.uexp" 34
"../../../Engine/Content/VREditor/TransformGizmo/TranslucentTransformGizmoMaterial.uasset" 35
"../../../Engine/Content/VREditor/TransformGizmo/TranslucentTransformGizmoMaterial.uexp" 36
"../../../Engine/Content/VREditor/TransformGizmo/PlaneTranslationHandle.ubulk" 37
"../../../Engine/Content/VREditor/TransformGizmo/PlaneTranslationHandle.uasset" 38
"../../../Engine/Content/VREditor/TransformGizmo/PlaneTranslationHandle.uexp" 39
"../../../Engine/Content/VREditor/TransformGizmo/BoundingBoxCorner.ubulk" 40
"../../../Engine/Content/VREditor/TransformGizmo/BoundingBoxCorner.uasset" 41
"../../../Engine/Content/VREditor/TransformGizmo/BoundingBoxCorner.uexp" 42
"../../../Engine/Content/VREditor/TransformGizmo/BoundingBoxEdge.ubulk" 43
"../../../Engine/Content/VREditor/TransformGizmo/BoundingBoxEdge.uasset" 44
"../../../Engine/Content/VREditor/TransformGizmo/BoundingBoxEdge.uexp" 45
"../../../Engine/Content/VREditor/TransformGizmo/Main.uasset" 46
"../../../Engine/Content/VREditor/TransformGizmo/Main.uexp" 47
"../../../Engine/Content/VREditor/TransformGizmo/Xray.uasset" 48
"../../../Engine/Content/VREditor/TransformGizmo/Xray.uexp" 49
"../../../Engine/Content/VREditor/TransformGizmo/SM_Sequencer_Node.ubulk" 50
"../../../Engine/Content/VREditor/TransformGizmo/SM_Sequencer_Node.uasset" 51
"../../../Engine/Content/VREditor/TransformGizmo/SM_Sequencer_Node.uexp" 52
"../../../Engine/Content/EditorMaterials/Camera/CineMat.uasset" 53
"../../../Engine/Content/EditorMaterials/Camera/CineMat.uexp" 54
"../../../Engine/Content/EditorMaterials/Camera/MI_CineMat_Rig.uasset" 55
"../../../Engine/Content/EditorMaterials/Camera/MI_CineMat_Rig.uexp" 56
"../../../Engine/Content/EditorMeshes/Camera/SM_CraneRig_Base.ubulk" 57
"../../../Engine/Content/EditorMeshes/Camera/SM_CraneRig_Base.uasset" 58
"../../../Engine/Content/EditorMeshes/Camera/SM_CraneRig_Base.uexp" 59
"../../../Engine/Content/EditorMeshes/Camera/SM_CraneRig_Arm.ubulk" 60
"../../../Engine/Content/EditorMeshes/Camera/SM_CraneRig_Arm.uasset" 61
"../../../Engine/Content/EditorMeshes/Camera/SM_CraneRig_Arm.uexp" 62
"../../../Engine/Content/EditorMeshes/Camera/SM_CraneRig_Mount.ubulk" 63
"../../../Engine/Content/EditorMeshes/Camera/SM_CraneRig_Mount.uasset" 64
"../../../Engine/Content/EditorMeshes/Camera/SM_CraneRig_Mount.uexp" 65
"../../../Engine/Content/EditorMeshes/Camera/SM_CraneRig_Body.ubulk" 66
"../../../Engine/Content/EditorMeshes/Camera/SM_CraneRig_Body.uasset" 67
"../../../Engine/Content/EditorMeshes/Camera/SM_CraneRig_Body.uexp" 68
"../../../Engine/Content/EditorMeshes/Camera/SM_RailRig_Track.ubulk" 69
"../../../Engine/Content/EditorMeshes/Camera/SM_RailRig_Track.uasset" 70
"../../../Engine/Content/EditorMeshes/Camera/SM_RailRig_Track.uexp" 71
"../../../Engine/Content/EditorMeshes/Camera/SM_RailRig_Mount.ubulk" 72
"../../../Engine/Content/EditorMeshes/Camera/SM_RailRig_Mount.uasset" 73
"../../../Engine/Content/EditorMeshes/Camera/SM_RailRig_Mount.uexp" 74
"../../../Engine/Content/EngineMaterials/T_Default_Material_Grid_M.ubulk" 75
"../../../Engine/Content/EngineMaterials/T_Default_Material_Grid_M.uasset" 76
"../../../Engine/Content/EngineMaterials/T_Default_Material_Grid_M.uexp" 77
"../../../Engine/Content/EngineMaterials/T_Default_Material_Grid_N.ubulk" 78
"../../../Engine/Content/EngineMaterials/T_Default_Material_Grid_N.uasset" 79
"../../../Engine/Content/EngineMaterials/T_Default_Material_Grid_N.uexp" 80
"../../../Engine/Content/Functions/Engine_MaterialFunctions01/Opacity/CameraDepthFade.uasset" 81
"../../../Engine/Content/Functions/Engine_MaterialFunctions01/Opacity/CameraDepthFade.uexp" 82
"../../../Engine/Content/EngineMaterials/WorldGridMaterial.uasset" 83
"../../../Engine/Content/EngineMaterials/WorldGridMaterial.uexp" 84
"../../../Engine/Content/ArtTools/RenderToTexture/Meshes/S_1_Unit_Plane.ubulk" 85
"../../../Engine/Content/ArtTools/RenderToTexture/Meshes/S_1_Unit_Plane.uasset" 86
"../../../Engine/Content/ArtTools/RenderToTexture/Meshes/S_1_Unit_Plane.uexp" 87
"../../../Engine/Content/EditorMaterials/ParticleSystems/PSysThumbnail_NoImage.ubulk" 88
"../../../Engine/Content/EditorMaterials/ParticleSystems/PSysThumbnail_NoImage.uasset" 89
"../../../Engine/Content/EditorMaterials/ParticleSystems/PSysThumbnail_NoImage.uexp" 90
"../../../Engine/Content/EditorMaterials/ParticleSystems/PSysThumbnail_OOD.ubulk" 91
"../../../Engine/Content/EditorMaterials/ParticleSystems/PSysThumbnail_OOD.uasset" 92
"../../../Engine/Content/EditorMaterials/ParticleSystems/PSysThumbnail_OOD.uexp" 93
"../../../Engine/Content/EditorLandscapeResources/SplineEditorMeshMat.uasset" 94
"../../../Engine/Content/EditorLandscapeResources/SplineEditorMeshMat.uexp" 95
"../../../Engine/Content/EditorLandscapeResources/SplineEditorMesh.ubulk" 96
"../../../Engine/Content/EditorLandscapeResources/SplineEditorMesh.uasset" 97
"../../../Engine/Content/EditorLandscapeResources/SplineEditorMesh.uexp" 98
"../../../Engine/Content/EditorResources/S_Solver.ubulk" 99
"../../../Engine/Content/EditorResources/S_Solver.uasset" 100
"../../../Engine/Content/EditorResources/S_Solver.uexp" 101
"../../../Engine/Plugins/Media/MediaPlate/Content/SM_MediaPlateScreen.ubulk" 102
"../../../Engine/Plugins/Media/MediaPlate/Content/SM_MediaPlateScreen.uasset" 103
"../../../Engine/Plugins/Media/MediaPlate/Content/SM_MediaPlateScreen.uexp" 104
"../../../Engine/Content/EngineMaterials/Good64x64TilingNoiseHighFreq.uasset" 105
"../../../Engine/Content/EngineMaterials/Good64x64TilingNoiseHighFreq.uexp" 106
"../../../Engine/Content/EngineMaterials/DefaultBokeh.uasset" 107
"../../../Engine/Content/EngineMaterials/DefaultBokeh.uexp" 108
"../../../Engine/Content/EngineMaterials/PreintegratedSkinBRDF.uasset" 109
"../../../Engine/Content/EngineMaterials/PreintegratedSkinBRDF.uexp" 110
"../../../Engine/Content/EngineMaterials/MiniFont.uasset" 111
"../../../Engine/Content/EngineMaterials/MiniFont.uexp" 112
"../../../Engine/Content/EngineMaterials/WeightMapPlaceholderTexture.uasset" 113
"../../../Engine/Content/EngineMaterials/WeightMapPlaceholderTexture.uexp" 114
"../../../Engine/Content/EngineMaterials/DefaultWhiteGrid.ubulk" 115
"../../../Engine/Content/EngineMaterials/DefaultWhiteGrid.uasset" 116
"../../../Engine/Content/EngineMaterials/DefaultWhiteGrid.uexp" 117
"../../../Engine/Plugins/2D/Paper2D/Content/PlaceholderTextures/DummySpriteTexture.ubulk" 118
"../../../Engine/Plugins/2D/Paper2D/Content/PlaceholderTextures/DummySpriteTexture.uasset" 119
"../../../Engine/Plugins/2D/Paper2D/Content/PlaceholderTextures/DummySpriteTexture.uexp" 120
"../../../Engine/Plugins/2D/Paper2D/Content/DefaultSpriteMaterial.uasset" 121
"../../../Engine/Plugins/2D/Paper2D/Content/DefaultSpriteMaterial.uexp" 122
"../../../Engine/Plugins/2D/Paper2D/Content/OpaqueUnlitSpriteMaterial.uasset" 123
"../../../Engine/Plugins/2D/Paper2D/Content/OpaqueUnlitSpriteMaterial.uexp" 124
"../../../Engine/Plugins/2D/Paper2D/Content/MaskedUnlitSpriteMaterial.uasset" 125
"../../../Engine/Plugins/2D/Paper2D/Content/MaskedUnlitSpriteMaterial.uexp" 126
"../../../Engine/Plugins/2D/Paper2D/Content/DummySprite.uasset" 127
"../../../Engine/Plugins/2D/Paper2D/Content/DummySprite.uexp" 128
"../../../Engine/Plugins/2D/Paper2D/Content/DefaultPaperTerrainMaterial.uasset" 129
"../../../Engine/Plugins/2D/Paper2D/Content/DefaultPaperTerrainMaterial.uexp" 130
"../../../Engine/Content/Functions/Engine_MaterialFunctions02/WorldPositionOffset/CameraOffset.uasset" 131
"../../../Engine/Content/Functions/Engine_MaterialFunctions02/WorldPositionOffset/CameraOffset.uexp" 132
"../../../Engine/Plugins/Animation/ControlRig/Content/M_Manip.uasset" 133
"../../../Engine/Plugins/Animation/ControlRig/Content/M_Manip.uexp" 134
"../../../Engine/Content/Animation/DefaultRecorderBoneCompression.uasset" 135
"../../../Engine/Content/Animation/DefaultRecorderBoneCompression.uexp" 136
"../../../Engine/Content/Animation/DefaultAnimCurveCompressionSettings.uasset" 137
"../../../Engine/Content/Animation/DefaultAnimCurveCompressionSettings.uexp" 138
"../../../Engine/Content/Animation/DefaultAnimBoneCompressionSettings.uasset" 139
"../../../Engine/Content/Animation/DefaultAnimBoneCompressionSettings.uexp" 140
"../../../Engine/Content/EditorLandscapeResources/DefaultAlphaTexture.uasset" 141
"../../../Engine/Content/EditorLandscapeResources/DefaultAlphaTexture.uexp" 142
"../../../Engine/Content/EditorResources/S_Terrain.ubulk" 143
"../../../Engine/Content/EditorResources/S_Terrain.uasset" 144
"../../../Engine/Content/EditorResources/S_Terrain.uexp" 145
"../../../Engine/Content/EngineResources/WhiteSquareTexture.uasset" 146
"../../../Engine/Content/EngineResources/WhiteSquareTexture.uexp" 147
"../../../Engine/Content/EngineMaterials/Widget3DPassThrough.uasset" 148
"../../../Engine/Content/EngineMaterials/Widget3DPassThrough.uexp" 149
"../../../Engine/Content/EngineMaterials/Widget3DPassThrough_Translucent.uasset" 150
"../../../Engine/Content/EngineMaterials/Widget3DPassThrough_Translucent.uexp" 151
"../../../Engine/Content/EngineMaterials/Widget3DPassThrough_Translucent_OneSided.uasset" 152
"../../../Engine/Content/EngineMaterials/Widget3DPassThrough_Translucent_OneSided.uexp" 153
"../../../Engine/Content/EngineMaterials/Widget3DPassThrough_Opaque.uasset" 154
"../../../Engine/Content/EngineMaterials/Widget3DPassThrough_Opaque.uexp" 155
"../../../Engine/Content/EngineMaterials/Widget3DPassThrough_Opaque_OneSided.uasset" 156
"../../../Engine/Content/EngineMaterials/Widget3DPassThrough_Opaque_OneSided.uexp" 157
"../../../Engine/Content/EngineMaterials/Widget3DPassThrough_Masked_OneSided.uasset" 158
"../../../Engine/Content/EngineMaterials/Widget3DPassThrough_Masked_OneSided.uexp" 159
"../../../Engine/Content/EngineMaterials/Widget3DPassThrough_Masked.uasset" 160
"../../../Engine/Content/EngineMaterials/Widget3DPassThrough_Masked.uexp" 161
"../../../Engine/Content/EngineMaterials/STBlueNoise_vec2_128x128x64.uasset" 162
"../../../Engine/Content/EngineMaterials/STBlueNoise_vec2_128x128x64.uexp" 163
"../../../Engine/Content/EngineMaterials/STBlueNoise_scalar_128x128x64.uasset" 164
"../../../Engine/Content/EngineMaterials/STBlueNoise_scalar_128x128x64.uexp" 165
"../../../Engine/Content/EngineMaterials/RemoveSurfaceMaterial.uasset" 166
"../../../Engine/Content/EngineMaterials/RemoveSurfaceMaterial.uexp" 167
"../../../Engine/Plugins/Editor/SpeedTreeImporter/Content/SpeedTree9/game_wind_noise.ubulk" 168
"../../../Engine/Plugins/Editor/SpeedTreeImporter/Content/SpeedTree9/game_wind_noise.uasset" 169
"../../../Engine/Plugins/Editor/SpeedTreeImporter/Content/SpeedTree9/game_wind_noise.uexp" 170
"../../../Engine/Plugins/Editor/SpeedTreeImporter/Content/SpeedTree9/UnpackDirection.uasset" 171
"../../../Engine/Plugins/Editor/SpeedTreeImporter/Content/SpeedTree9/UnpackDirection.uexp" 172
"../../../Engine/Content/Functions/Engine_MaterialFunctions02/ObjectLocalBounds.uasset" 173
"../../../Engine/Content/Functions/Engine_MaterialFunctions02/ObjectLocalBounds.uexp" 174
"../../../Engine/Content/Functions/Engine_MaterialFunctions02/Utility/BreakOutFloat3Components.uasset" 175
"../../../Engine/Content/Functions/Engine_MaterialFunctions02/Utility/BreakOutFloat3Components.uexp" 176
"../../../Engine/Content/Functions/Engine_MaterialFunctions02/UVs/BoundingBoxBased_0-1_UVW.uasset" 177
"../../../Engine/Content/Functions/Engine_MaterialFunctions02/UVs/BoundingBoxBased_0-1_UVW.uexp" 178
"../../../Engine/Content/Functions/Engine_MaterialFunctions02/Utility/VectorLength.uasset" 179
"../../../Engine/Content/Functions/Engine_MaterialFunctions02/Utility/VectorLength.uexp" 180
"../../../Engine/Plugins/Editor/SpeedTreeImporter/Content/SpeedTree9/UnpackInteger3.uasset" 181
"../../../Engine/Plugins/Editor/SpeedTreeImporter/Content/SpeedTree9/UnpackInteger3.uexp" 182
"../../../Engine/Plugins/Editor/SpeedTreeImporter/Content/SpeedTree9/SpeedTreeCameraFacing.uasset" 183
"../../../Engine/Plugins/Editor/SpeedTreeImporter/Content/SpeedTree9/SpeedTreeCameraFacing.uexp" 184
"../../../Engine/Content/Functions/Engine_MaterialFunctions02/WorldPositionOffset/ObjectScale.uasset" 185
"../../../Engine/Content/Functions/Engine_MaterialFunctions02/WorldPositionOffset/ObjectScale.uexp" 186
"../../../Engine/Content/Functions/Engine_MaterialFunctions02/SafeNormalize.uasset" 187
"../../../Engine/Content/Functions/Engine_MaterialFunctions02/SafeNormalize.uexp" 188
"../../../Engine/Plugins/Editor/SpeedTreeImporter/Content/SpeedTree9/SpeedTreeWindMotion.uasset" 189
"../../../Engine/Plugins/Editor/SpeedTreeImporter/Content/SpeedTree9/SpeedTreeWindMotion.uexp" 190
"../../../Engine/Plugins/Editor/SpeedTreeImporter/Content/SpeedTree9/SpeedTreeBranchMotion.uasset" 191
"../../../Engine/Plugins/Editor/SpeedTreeImporter/Content/SpeedTree9/SpeedTreeBranchMotion.uexp" 192
"../../../Engine/Plugins/Editor/SpeedTreeImporter/Content/SpeedTree9/SpeedTreeWind.uasset" 193
"../../../Engine/Plugins/Editor/SpeedTreeImporter/Content/SpeedTree9/SpeedTreeWind.uexp" 194
"../../../Engine/Plugins/Editor/SpeedTreeImporter/Content/SpeedTree9/EmptyNormal.uasset" 195
"../../../Engine/Plugins/Editor/SpeedTreeImporter/Content/SpeedTree9/EmptyNormal.uexp" 196
"../../../Engine/Plugins/Editor/SpeedTreeImporter/Content/SpeedTree9/Empty.uasset" 197
"../../../Engine/Plugins/Editor/SpeedTreeImporter/Content/SpeedTree9/Empty.uexp" 198
"../../../Engine/Plugins/Editor/SpeedTreeImporter/Content/SpeedTree9/SpeedTreeMaster.uasset" 199
"../../../Engine/Plugins/Editor/SpeedTreeImporter/Content/SpeedTree9/SpeedTreeMaster.uexp" 200
"../../../Engine/Plugins/Editor/SpeedTreeImporter/Content/SpeedTree9/SpeedTreeBillboard.uasset" 201
"../../../Engine/Plugins/Editor/SpeedTreeImporter/Content/SpeedTree9/SpeedTreeBillboard.uexp" 202
"../../../Engine/Plugins/Editor/SpeedTreeImporter/Content/SpeedTree9/SpeedTreeBillboardMaster.uasset" 203
"../../../Engine/Plugins/Editor/SpeedTreeImporter/Content/SpeedTree9/SpeedTreeBillboardMaster.uexp" 204
"../../../Engine/Plugins/Animation/ControlRig/Content/Controls/DefaultGizmoLibraryNormalized.uasset" 205
"../../../Engine/Plugins/Animation/ControlRig/Content/Controls/DefaultGizmoLibraryNormalized.uexp" 206
"../../../Engine/Plugins/Animation/ControlRig/Content/Controls/ControlRig_Wedge_solid.ubulk" 207
"../../../Engine/Plugins/Animation/ControlRig/Content/Controls/ControlRig_Wedge_solid.uasset" 208
"../../../Engine/Plugins/Animation/ControlRig/Content/Controls/ControlRig_Wedge_solid.uexp" 209
"../../../Engine/Plugins/Animation/ControlRig/Content/Controls/ControlRig_Wedge_3mm.ubulk" 210
"../../../Engine/Plugins/Animation/ControlRig/Content/Controls/ControlRig_Wedge_3mm.uasset" 211
"../../../Engine/Plugins/Animation/ControlRig/Content/Controls/ControlRig_Wedge_3mm.uexp" 212
"../../../Engine/Plugins/Animation/ControlRig/Content/Controls/ControlRig_Wedge_1mm.ubulk" 213
"../../../Engine/Plugins/Animation/ControlRig/Content/Controls/ControlRig_Wedge_1mm.uasset" 214
"../../../Engine/Plugins/Animation/ControlRig/Content/Controls/ControlRig_Wedge_1mm.uexp" 215
"../../../Engine/Plugins/Animation/ControlRig/Content/Controls/ControlRig_Triangle_solid.ubulk" 216
"../../../Engine/Plugins/Animation/ControlRig/Content/Controls/ControlRig_Triangle_solid.uasset" 217
"../../../Engine/Plugins/Animation/ControlRig/Content/Controls/ControlRig_Triangle_solid.uexp" 218
"../../../Engine/Plugins/Animation/ControlRig/Content/Controls/ControlRig_Triangle_3mm.ubulk" 219
"../../../Engine/Plugins/Animation/ControlRig/Content/Controls/ControlRig_Triangle_3mm.uasset" 220
"../../../Engine/Plugins/Animation/ControlRig/Content/Controls/ControlRig_Triangle_3mm.uexp" 221
"../../../Engine/Plugins/Animation/ControlRig/Content/Controls/ControlRig_Triangle_1mm.ubulk" 222
"../../../Engine/Plugins/Animation/ControlRig/Content/Controls/ControlRig_Triangle_1mm.uasset" 223
"../../../Engine/Plugins/Animation/ControlRig/Content/Controls/ControlRig_Triangle_1mm.uexp" 224
"../../../Engine/Plugins/Animation/ControlRig/Content/Controls/ControlRig_Star4_solid.ubulk" 225
"../../../Engine/Plugins/Animation/ControlRig/Content/Controls/ControlRig_Star4_solid.uasset" 226
"../../../Engine/Plugins/Animation/ControlRig/Content/Controls/ControlRig_Star4_solid.uexp" 227
"../../../Engine/Plugins/Animation/ControlRig/Content/Controls/ControlRig_Star4_3mm.ubulk" 228
"../../../Engine/Plugins/Animation/ControlRig/Content/Controls/ControlRig_Star4_3mm.uasset" 229
"../../../Engine/Plugins/Animation/ControlRig/Content/Controls/ControlRig_Star4_3mm.uexp" 230
"../../../Engine/Plugins/Animation/ControlRig/Content/Controls/ControlRig_Star4_1mm.ubulk" 231
"../../../Engine/Plugins/Animation/ControlRig/Content/Controls/ControlRig_Star4_1mm.uasset" 232
"../../../Engine/Plugins/Animation/ControlRig/Content/Controls/ControlRig_Star4_1mm.uexp" 233
"../../../Engine/Plugins/Animation/ControlRig/Content/Controls/ControlRig_Square_solid.ubulk" 234
"../../../Engine/Plugins/Animation/ControlRig/Content/Controls/ControlRig_Square_solid.uasset" 235
"../../../Engine/Plugins/Animation/ControlRig/Content/Controls/ControlRig_Square_solid.uexp" 236
"../../../Engine/Plugins/Animation/ControlRig/Content/Controls/ControlRig_Square_3mm.ubulk" 237
"../../../Engine/Plugins/Animation/ControlRig/Content/Controls/ControlRig_Square_3mm.uasset" 238
"../../../Engine/Plugins/Animation/ControlRig/Content/Controls/ControlRig_Square_3mm.uexp" 239
"../../../Engine/Plugins/Animation/ControlRig/Content/Controls/ControlRig_Square_1mm.ubulk" 240
"../../../Engine/Plugins/Animation/ControlRig/Content/Controls/ControlRig_Square_1mm.uasset" 241
"../../../Engine/Plugins/Animation/ControlRig/Content/Controls/ControlRig_Square_1mm.uexp" 242
"../../../Engine/Plugins/Animation/ControlRig/Content/Controls/ControlRig_Sphere_solid.ubulk" 243
"../../../Engine/Plugins/Animation/ControlRig/Content/Controls/ControlRig_Sphere_solid.uasset" 244
"../../../Engine/Plugins/Animation/ControlRig/Content/Controls/ControlRig_Sphere_solid.uexp" 245
"../../../Engine/Plugins/Interchange/Runtime/Content/Pipelines/DefaultTexturePipeline.uasset" 246
"../../../Engine/Plugins/Interchange/Runtime/Content/Pipelines/DefaultTexturePipeline.uexp" 247
"../../../Engine/Plugins/Interchange/Runtime/Content/Pipelines/DefaultSceneLevelPipeline.uasset" 248
"../../../Engine/Plugins/Interchange/Runtime/Content/Pipelines/DefaultSceneLevelPipeline.uexp" 249
"../../../Engine/Plugins/Interchange/Runtime/Content/Pipelines/DefaultSceneAssetsPipeline.uasset" 250
"../../../Engine/Plugins/Interchange/Runtime/Content/Pipelines/DefaultSceneAssetsPipeline.uexp" 251
"../../../Engine/Plugins/Interchange/Runtime/Content/Pipelines/DefaultMaterialPipeline.uasset" 252
"../../../Engine/Plugins/Interchange/Runtime/Content/Pipelines/DefaultMaterialPipeline.uexp" 253
"../../../Engine/Plugins/Interchange/Runtime/Content/Pipelines/DefaultAssetsPipeline.uasset" 254
"../../../Engine/Plugins/Interchange/Runtime/Content/Pipelines/DefaultAssetsPipeline.uexp" 255
"C:/Users/erayayasli/Documents/Unreal Projects/TowerClimber/Content/Input/Actions/IA_Jump.uasset" 256
"C:/Users/erayayasli/Documents/Unreal Projects/TowerClimber/Content/Input/Actions/IA_Jump.uexp" 257
"C:/Users/erayayasli/Documents/Unreal Projects/TowerClimber/Content/Input/Actions/IA_Move.uasset" 258
"C:/Users/erayayasli/Documents/Unreal Projects/TowerClimber/Content/Input/Actions/IA_Move.uexp" 259
"C:/Users/erayayasli/Documents/Unreal Projects/TowerClimber/Content/Input/IMC_Platformer.uasset" 260
"C:/Users/erayayasli/Documents/Unreal Projects/TowerClimber/Content/Input/IMC_Platformer.uexp" 261
"C:/Users/erayayasli/Documents/Unreal Projects/TowerClimber/Content/Sounds/PlayerDefeated/S_PlayerDefeated.ubulk" 262
"C:/Users/erayayasli/Documents/Unreal Projects/TowerClimber/Content/Sounds/PlayerDefeated/S_PlayerDefeated.uasset" 263
"C:/Users/erayayasli/Documents/Unreal Projects/TowerClimber/Content/Sounds/PlayerDefeated/S_PlayerDefeated.uexp" 264
"C:/Users/erayayasli/Documents/Unreal Projects/TowerClimber/Content/Sounds/PlayerDefeated/S_PlayerDefeated_Cue.uasset" 265
"C:/Users/erayayasli/Documents/Unreal Projects/TowerClimber/Content/Sounds/PlayerDefeated/S_PlayerDefeated_Cue.uexp" 266
"C:/Users/erayayasli/Documents/Unreal Projects/TowerClimber/Content/AI/AIC_Pig.uasset" 267
"C:/Users/erayayasli/Documents/Unreal Projects/TowerClimber/Content/AI/AIC_Pig.uexp" 268
"C:/Users/erayayasli/Documents/Unreal Projects/TowerClimber/Content/PaperAssetsFolder/Pig/Textures/Pig.uasset" 269
"C:/Users/erayayasli/Documents/Unreal Projects/TowerClimber/Content/PaperAssetsFolder/Pig/Textures/Pig.uexp" 270
"C:/Users/erayayasli/Documents/Unreal Projects/TowerClimber/Content/PaperAssetsFolder/Pig/Frames/Pig__Idle_6_aseprite.uasset" 271
"C:/Users/erayayasli/Documents/Unreal Projects/TowerClimber/Content/PaperAssetsFolder/Pig/Frames/Pig__Idle_6_aseprite.uexp" 272
"C:/Users/erayayasli/Documents/Unreal Projects/TowerClimber/Content/PaperAssetsFolder/Pig/Frames/Pig__Idle_5_aseprite.uasset" 273
"C:/Users/erayayasli/Documents/Unreal Projects/TowerClimber/Content/PaperAssetsFolder/Pig/Frames/Pig__Idle_5_aseprite.uexp" 274
"C:/Users/erayayasli/Documents/Unreal Projects/TowerClimber/Content/PaperAssetsFolder/Pig/Frames/Pig__Idle_2_aseprite.uasset" 275
"C:/Users/erayayasli/Documents/Unreal Projects/TowerClimber/Content/PaperAssetsFolder/Pig/Frames/Pig__Idle_2_aseprite.uexp" 276
"C:/Users/erayayasli/Documents/Unreal Projects/TowerClimber/Content/PaperAssetsFolder/Pig/Frames/Pig__Idle_7_aseprite.uasset" 277
"C:/Users/erayayasli/Documents/Unreal Projects/TowerClimber/Content/PaperAssetsFolder/Pig/Frames/Pig__Idle_7_aseprite.uexp" 278
"C:/Users/erayayasli/Documents/Unreal Projects/TowerClimber/Content/PaperAssetsFolder/Pig/Frames/Pig__Idle_4_aseprite.uasset" 279
"C:/Users/erayayasli/Documents/Unreal Projects/TowerClimber/Content/PaperAssetsFolder/Pig/Frames/Pig__Idle_4_aseprite.uexp" 280
"C:/Users/erayayasli/Documents/Unreal Projects/TowerClimber/Content/PaperAssetsFolder/Pig/Frames/Pig__Idle_9_aseprite.uasset" 281
"C:/Users/erayayasli/Documents/Unreal Projects/TowerClimber/Content/PaperAssetsFolder/Pig/Frames/Pig__Idle_9_aseprite.uexp" 282
"C:/Users/erayayasli/Documents/Unreal Projects/TowerClimber/Content/PaperAssetsFolder/Pig/Frames/Pig__Idle_0_aseprite.uasset" 283
"C:/Users/erayayasli/Documents/Unreal Projects/TowerClimber/Content/PaperAssetsFolder/Pig/Frames/Pig__Idle_0_aseprite.uexp" 284
"C:/Users/erayayasli/Documents/Unreal Projects/TowerClimber/Content/PaperAssetsFolder/Pig/Frames/Pig__Idle_8_aseprite.uasset" 285
"C:/Users/erayayasli/Documents/Unreal Projects/TowerClimber/Content/PaperAssetsFolder/Pig/Frames/Pig__Idle_8_aseprite.uexp" 286
"C:/Users/erayayasli/Documents/Unreal Projects/TowerClimber/Content/PaperAssetsFolder/Pig/Frames/Pig__Idle_10_aseprite.uasset" 287
"C:/Users/erayayasli/Documents/Unreal Projects/TowerClimber/Content/PaperAssetsFolder/Pig/Frames/Pig__Idle_10_aseprite.uexp" 288
"C:/Users/erayayasli/Documents/Unreal Projects/TowerClimber/Content/PaperAssetsFolder/Pig/Frames/Pig__Idle_1_aseprite.uasset" 289
"C:/Users/erayayasli/Documents/Unreal Projects/TowerClimber/Content/PaperAssetsFolder/Pig/Frames/Pig__Idle_1_aseprite.uexp" 290
"C:/Users/erayayasli/Documents/Unreal Projects/TowerClimber/Content/PaperAssetsFolder/Pig/Frames/Pig__Idle_3_aseprite.uasset" 291
"C:/Users/erayayasli/Documents/Unreal Projects/TowerClimber/Content/PaperAssetsFolder/Pig/Frames/Pig__Idle_3_aseprite.uexp" 292
"C:/Users/erayayasli/Documents/Unreal Projects/TowerClimber/Content/PaperAssetsFolder/Pig/Pig__Idle.uasset" 293
"C:/Users/erayayasli/Documents/Unreal Projects/TowerClimber/Content/PaperAssetsFolder/Pig/Pig__Idle.uexp" 294
"../../../Engine/Plugins/2D/Paper2D/Content/TranslucentUnlitSpriteMaterial.uasset" 295
"../../../Engine/Plugins/2D/Paper2D/Content/TranslucentUnlitSpriteMaterial.uexp" 296
"C:/Users/erayayasli/Documents/Unreal Projects/TowerClimber/Content/PaperAssetsFolder/King/Textures/King.uasset" 297
"C:/Users/erayayasli/Documents/Unreal Projects/TowerClimber/Content/PaperAssetsFolder/King/Textures/King.uexp" 298
"C:/Users/erayayasli/Documents/Unreal Projects/TowerClimber/Content/PaperAssetsFolder/King/Frames/King__Idle_9_aseprite.uasset" 299
"C:/Users/erayayasli/Documents/Unreal Projects/TowerClimber/Content/PaperAssetsFolder/King/Frames/King__Idle_9_aseprite.uexp" 300
"C:/Users/erayayasli/Documents/Unreal Projects/TowerClimber/Content/PaperAssetsFolder/King/Frames/King__Idle_3_aseprite.uasset" 301
"C:/Users/erayayasli/Documents/Unreal Projects/TowerClimber/Content/PaperAssetsFolder/King/Frames/King__Idle_3_aseprite.uexp" 302
"C:/Users/erayayasli/Documents/Unreal Projects/TowerClimber/Content/PaperAssetsFolder/King/Frames/King__Idle_6_aseprite.uasset" 303
"C:/Users/erayayasli/Documents/Unreal Projects/TowerClimber/Content/PaperAssetsFolder/King/Frames/King__Idle_6_aseprite.uexp" 304
"C:/Users/erayayasli/Documents/Unreal Projects/TowerClimber/Content/PaperAssetsFolder/King/Frames/King__Idle_7_aseprite.uasset" 305
"C:/Users/erayayasli/Documents/Unreal Projects/TowerClimber/Content/PaperAssetsFolder/King/Frames/King__Idle_7_aseprite.uexp" 306
"C:/Users/erayayasli/Documents/Unreal Projects/TowerClimber/Content/PaperAssetsFolder/King/Frames/King__Idle_8_aseprite.uasset" 307
"C:/Users/erayayasli/Documents/Unreal Projects/TowerClimber/Content/PaperAssetsFolder/King/Frames/King__Idle_8_aseprite.uexp" 308
"C:/Users/erayayasli/Documents/Unreal Projects/TowerClimber/Content/PaperAssetsFolder/King/Frames/King__Idle_10_aseprite.uasset" 309
"C:/Users/erayayasli/Documents/Unreal Projects/TowerClimber/Content/PaperAssetsFolder/King/Frames/King__Idle_10_aseprite.uexp" 310
"C:/Users/erayayasli/Documents/Unreal Projects/TowerClimber/Content/PaperAssetsFolder/King/Frames/King__Idle_5_aseprite.uasset" 311
"C:/Users/erayayasli/Documents/Unreal Projects/TowerClimber/Content/PaperAssetsFolder/King/Frames/King__Idle_5_aseprite.uexp" 312
"C:/Users/erayayasli/Documents/Unreal Projects/TowerClimber/Content/PaperAssetsFolder/King/Frames/King__Idle_0_aseprite.uasset" 313
"C:/Users/erayayasli/Documents/Unreal Projects/TowerClimber/Content/PaperAssetsFolder/King/Frames/King__Idle_0_aseprite.uexp" 314
"C:/Users/erayayasli/Documents/Unreal Projects/TowerClimber/Content/PaperAssetsFolder/King/Frames/King__Idle_4_aseprite.uasset" 315
"C:/Users/erayayasli/Documents/Unreal Projects/TowerClimber/Content/PaperAssetsFolder/King/Frames/King__Idle_4_aseprite.uexp" 316
"C:/Users/erayayasli/Documents/Unreal Projects/TowerClimber/Content/PaperAssetsFolder/King/Frames/King__Idle_1_aseprite.uasset" 317
"C:/Users/erayayasli/Documents/Unreal Projects/TowerClimber/Content/PaperAssetsFolder/King/Frames/King__Idle_1_aseprite.uexp" 318
"C:/Users/erayayasli/Documents/Unreal Projects/TowerClimber/Content/PaperAssetsFolder/King/Frames/King__Idle_2_aseprite.uasset" 319
"C:/Users/erayayasli/Documents/Unreal Projects/TowerClimber/Content/PaperAssetsFolder/King/Frames/King__Idle_2_aseprite.uexp" 320
"C:/Users/erayayasli/Documents/Unreal Projects/TowerClimber/Content/PaperAssetsFolder/King/King__Idle.uasset" 321
"C:/Users/erayayasli/Documents/Unreal Projects/TowerClimber/Content/PaperAssetsFolder/King/King__Idle.uexp" 322
"C:/Users/erayayasli/Documents/Unreal Projects/TowerClimber/Content/Blueprints/Characters/BP_PlatformerChar.uasset" 323
"C:/Users/erayayasli/Documents/Unreal Projects/TowerClimber/Content/Blueprints/Characters/BP_PlatformerChar.uexp" 324
"C:/Users/erayayasli/Documents/Unreal Projects/TowerClimber/Content/Blueprints/Characters/Pig/AS_Pig.uasset" 325
"C:/Users/erayayasli/Documents/Unreal Projects/TowerClimber/Content/Blueprints/Characters/Pig/AS_Pig.uexp" 326
"C:/Users/erayayasli/Documents/Unreal Projects/TowerClimber/Content/PaperAssetsFolder/Pig/Frames/Pig__Run_5_aseprite.uasset" 327
"C:/Users/erayayasli/Documents/Unreal Projects/TowerClimber/Content/PaperAssetsFolder/Pig/Frames/Pig__Run_5_aseprite.uexp" 328
"C:/Users/erayayasli/Documents/Unreal Projects/TowerClimber/Content/PaperAssetsFolder/Pig/Frames/Pig__Run_3_aseprite.uasset" 329
"C:/Users/erayayasli/Documents/Unreal Projects/TowerClimber/Content/PaperAssetsFolder/Pig/Frames/Pig__Run_3_aseprite.uexp" 330
"C:/Users/erayayasli/Documents/Unreal Projects/TowerClimber/Content/PaperAssetsFolder/Pig/Frames/Pig__Run_1_aseprite.uasset" 331
"C:/Users/erayayasli/Documents/Unreal Projects/TowerClimber/Content/PaperAssetsFolder/Pig/Frames/Pig__Run_1_aseprite.uexp" 332
"C:/Users/erayayasli/Documents/Unreal Projects/TowerClimber/Content/PaperAssetsFolder/Pig/Frames/Pig__Run_2_aseprite.uasset" 333
"C:/Users/erayayasli/Documents/Unreal Projects/TowerClimber/Content/PaperAssetsFolder/Pig/Frames/Pig__Run_2_aseprite.uexp" 334
"C:/Users/erayayasli/Documents/Unreal Projects/TowerClimber/Content/PaperAssetsFolder/Pig/Frames/Pig__Run_4_aseprite.uasset" 335
"C:/Users/erayayasli/Documents/Unreal Projects/TowerClimber/Content/PaperAssetsFolder/Pig/Frames/Pig__Run_4_aseprite.uexp" 336
"C:/Users/erayayasli/Documents/Unreal Projects/TowerClimber/Content/PaperAssetsFolder/Pig/Frames/Pig__Run_0_aseprite.uasset" 337
"C:/Users/erayayasli/Documents/Unreal Projects/TowerClimber/Content/PaperAssetsFolder/Pig/Frames/Pig__Run_0_aseprite.uexp" 338
"C:/Users/erayayasli/Documents/Unreal Projects/TowerClimber/Content/PaperAssetsFolder/Pig/Pig__Run.uasset" 339
"C:/Users/erayayasli/Documents/Unreal Projects/TowerClimber/Content/PaperAssetsFolder/Pig/Pig__Run.uexp" 340
"C:/Users/erayayasli/Documents/Unreal Projects/TowerClimber/Content/Blueprints/Characters/Pig/AnimSequences/Walk.uasset" 341
"C:/Users/erayayasli/Documents/Unreal Projects/TowerClimber/Content/Blueprints/Characters/Pig/AnimSequences/Walk.uexp" 342
"C:/Users/erayayasli/Documents/Unreal Projects/TowerClimber/Content/Blueprints/Characters/Pig/AnimSequences/Idle.uasset" 343
"C:/Users/erayayasli/Documents/Unreal Projects/TowerClimber/Content/Blueprints/Characters/Pig/AnimSequences/Idle.uexp" 344
"C:/Users/erayayasli/Documents/Unreal Projects/TowerClimber/Content/PaperAssetsFolder/Pig/Frames/Pig__Hit_1_aseprite.uasset" 345
"C:/Users/erayayasli/Documents/Unreal Projects/TowerClimber/Content/PaperAssetsFolder/Pig/Frames/Pig__Hit_1_aseprite.uexp" 346
"C:/Users/erayayasli/Documents/Unreal Projects/TowerClimber/Content/PaperAssetsFolder/Pig/Frames/Pig__Hit_0_aseprite.uasset" 347
"C:/Users/erayayasli/Documents/Unreal Projects/TowerClimber/Content/PaperAssetsFolder/Pig/Frames/Pig__Hit_0_aseprite.uexp" 348
"C:/Users/erayayasli/Documents/Unreal Projects/TowerClimber/Content/PaperAssetsFolder/Pig/Pig__Hit.uasset" 349
"C:/Users/erayayasli/Documents/Unreal Projects/TowerClimber/Content/PaperAssetsFolder/Pig/Pig__Hit.uexp" 350
"C:/Users/erayayasli/Documents/Unreal Projects/TowerClimber/Content/Blueprints/Characters/Pig/AnimSequences/Defeated.uasset" 351
"C:/Users/erayayasli/Documents/Unreal Projects/TowerClimber/Content/Blueprints/Characters/Pig/AnimSequences/Defeated.uexp" 352
"C:/Users/erayayasli/Documents/Unreal Projects/TowerClimber/Content/Blueprints/Characters/Pig/ABP_Pig.uasset" 353
"C:/Users/erayayasli/Documents/Unreal Projects/TowerClimber/Content/Blueprints/Characters/Pig/ABP_Pig.uexp" 354
"C:/Users/erayayasli/Documents/Unreal Projects/TowerClimber/Content/Blueprints/Characters/Pig/BP_Pig.uasset" 355
"C:/Users/erayayasli/Documents/Unreal Projects/TowerClimber/Content/Blueprints/Characters/Pig/BP_Pig.uexp" 356
"../../../Engine/Content/EditorBlueprintResources/StandardMacros.uasset" 357
"../../../Engine/Content/EditorBlueprintResources/StandardMacros.uexp" 358
"C:/Users/erayayasli/Documents/Unreal Projects/TowerClimber/Content/CameraShake/CS_Defeated.uasset" 359
"C:/Users/erayayasli/Documents/Unreal Projects/TowerClimber/Content/CameraShake/CS_Defeated.uexp" 360
"C:/Users/erayayasli/Documents/Unreal Projects/TowerClimber/Content/Blueprints/Characters/King/AS_King.uasset" 361
"C:/Users/erayayasli/Documents/Unreal Projects/TowerClimber/Content/Blueprints/Characters/King/AS_King.uexp" 362
"C:/Users/erayayasli/Documents/Unreal Projects/TowerClimber/Content/Sounds/Footsteps/S_Step_2.ubulk" 363
"C:/Users/erayayasli/Documents/Unreal Projects/TowerClimber/Content/Sounds/Footsteps/S_Step_2.uasset" 364
"C:/Users/erayayasli/Documents/Unreal Projects/TowerClimber/Content/Sounds/Footsteps/S_Step_2.uexp" 365
"C:/Users/erayayasli/Documents/Unreal Projects/TowerClimber/Content/Sounds/Footsteps/S_Step_2_Cue.uasset" 366
"C:/Users/erayayasli/Documents/Unreal Projects/TowerClimber/Content/Sounds/Footsteps/S_Step_2_Cue.uexp" 367
"C:/Users/erayayasli/Documents/Unreal Projects/TowerClimber/Content/Sounds/Footsteps/S_Step_1.ubulk" 368
"C:/Users/erayayasli/Documents/Unreal Projects/TowerClimber/Content/Sounds/Footsteps/S_Step_1.uasset" 369
"C:/Users/erayayasli/Documents/Unreal Projects/TowerClimber/Content/Sounds/Footsteps/S_Step_1.uexp" 370
"C:/Users/erayayasli/Documents/Unreal Projects/TowerClimber/Content/Sounds/Footsteps/S_Step_1_Cue.uasset" 371
"C:/Users/erayayasli/Documents/Unreal Projects/TowerClimber/Content/Sounds/Footsteps/S_Step_1_Cue.uexp" 372
"C:/Users/erayayasli/Documents/Unreal Projects/TowerClimber/Content/PaperAssetsFolder/King/Frames/King__Run_1_aseprite.uasset" 373
"C:/Users/erayayasli/Documents/Unreal Projects/TowerClimber/Content/PaperAssetsFolder/King/Frames/King__Run_1_aseprite.uexp" 374
"C:/Users/erayayasli/Documents/Unreal Projects/TowerClimber/Content/PaperAssetsFolder/King/Frames/King__Run_2_aseprite.uasset" 375
"C:/Users/erayayasli/Documents/Unreal Projects/TowerClimber/Content/PaperAssetsFolder/King/Frames/King__Run_2_aseprite.uexp" 376
"C:/Users/erayayasli/Documents/Unreal Projects/TowerClimber/Content/PaperAssetsFolder/King/Frames/King__Run_0_aseprite.uasset" 377
"C:/Users/erayayasli/Documents/Unreal Projects/TowerClimber/Content/PaperAssetsFolder/King/Frames/King__Run_0_aseprite.uexp" 378
"C:/Users/erayayasli/Documents/Unreal Projects/TowerClimber/Content/PaperAssetsFolder/King/Frames/King__Run_5_aseprite.uasset" 379
"C:/Users/erayayasli/Documents/Unreal Projects/TowerClimber/Content/PaperAssetsFolder/King/Frames/King__Run_5_aseprite.uexp" 380
"C:/Users/erayayasli/Documents/Unreal Projects/TowerClimber/Content/PaperAssetsFolder/King/Frames/King__Run_6_aseprite.uasset" 381
"C:/Users/erayayasli/Documents/Unreal Projects/TowerClimber/Content/PaperAssetsFolder/King/Frames/King__Run_6_aseprite.uexp" 382
"C:/Users/erayayasli/Documents/Unreal Projects/TowerClimber/Content/PaperAssetsFolder/King/Frames/King__Run_4_aseprite.uasset" 383
"C:/Users/erayayasli/Documents/Unreal Projects/TowerClimber/Content/PaperAssetsFolder/King/Frames/King__Run_4_aseprite.uexp" 384
"C:/Users/erayayasli/Documents/Unreal Projects/TowerClimber/Content/PaperAssetsFolder/King/Frames/King__Run_3_aseprite.uasset" 385
"C:/Users/erayayasli/Documents/Unreal Projects/TowerClimber/Content/PaperAssetsFolder/King/Frames/King__Run_3_aseprite.uexp" 386
"C:/Users/erayayasli/Documents/Unreal Projects/TowerClimber/Content/PaperAssetsFolder/King/Frames/King__Run_7_aseprite.uasset" 387
"C:/Users/erayayasli/Documents/Unreal Projects/TowerClimber/Content/PaperAssetsFolder/King/Frames/King__Run_7_aseprite.uexp" 388
"C:/Users/erayayasli/Documents/Unreal Projects/TowerClimber/Content/PaperAssetsFolder/King/King__Run.uasset" 389
"C:/Users/erayayasli/Documents/Unreal Projects/TowerClimber/Content/PaperAssetsFolder/King/King__Run.uexp" 390
"C:/Users/erayayasli/Documents/Unreal Projects/TowerClimber/Content/Blueprints/Characters/King/AnimSequences/Walk.uasset" 391
"C:/Users/erayayasli/Documents/Unreal Projects/TowerClimber/Content/Blueprints/Characters/King/AnimSequences/Walk.uexp" 392
"C:/Users/erayayasli/Documents/Unreal Projects/TowerClimber/Content/PaperAssetsFolder/King/Frames/King__Jump_0_aseprite.uasset" 393
"C:/Users/erayayasli/Documents/Unreal Projects/TowerClimber/Content/PaperAssetsFolder/King/Frames/King__Jump_0_aseprite.uexp" 394
"C:/Users/erayayasli/Documents/Unreal Projects/TowerClimber/Content/PaperAssetsFolder/King/King__Jump.uasset" 395
"C:/Users/erayayasli/Documents/Unreal Projects/TowerClimber/Content/PaperAssetsFolder/King/King__Jump.uexp" 396
"C:/Users/erayayasli/Documents/Unreal Projects/TowerClimber/Content/Blueprints/Characters/King/AnimSequences/JumpRise.uasset" 397
"C:/Users/erayayasli/Documents/Unreal Projects/TowerClimber/Content/Blueprints/Characters/King/AnimSequences/JumpRise.uexp" 398
"C:/Users/erayayasli/Documents/Unreal Projects/TowerClimber/Content/Blueprints/Characters/King/AnimSequences/Idle.uasset" 399
"C:/Users/erayayasli/Documents/Unreal Projects/TowerClimber/Content/Blueprints/Characters/King/AnimSequences/Idle.uexp" 400
"C:/Users/erayayasli/Documents/Unreal Projects/TowerClimber/Content/PaperAssetsFolder/King/Frames/King__Fall_0_aseprite.uasset" 401
"C:/Users/erayayasli/Documents/Unreal Projects/TowerClimber/Content/PaperAssetsFolder/King/Frames/King__Fall_0_aseprite.uexp" 402
"C:/Users/erayayasli/Documents/Unreal Projects/TowerClimber/Content/PaperAssetsFolder/King/King__Fall.uasset" 403
"C:/Users/erayayasli/Documents/Unreal Projects/TowerClimber/Content/PaperAssetsFolder/King/King__Fall.uexp" 404
"C:/Users/erayayasli/Documents/Unreal Projects/TowerClimber/Content/Blueprints/Characters/King/AnimSequences/Fall.uasset" 405
"C:/Users/erayayasli/Documents/Unreal Projects/TowerClimber/Content/Blueprints/Characters/King/AnimSequences/Fall.uexp" 406
"C:/Users/erayayasli/Documents/Unreal Projects/TowerClimber/Content/PaperAssetsFolder/King/Frames/King__Hit_1_aseprite.uasset" 407
"C:/Users/erayayasli/Documents/Unreal Projects/TowerClimber/Content/PaperAssetsFolder/King/Frames/King__Hit_1_aseprite.uexp" 408
"C:/Users/erayayasli/Documents/Unreal Projects/TowerClimber/Content/PaperAssetsFolder/King/Frames/King__Hit_0_aseprite.uasset" 409
"C:/Users/erayayasli/Documents/Unreal Projects/TowerClimber/Content/PaperAssetsFolder/King/Frames/King__Hit_0_aseprite.uexp" 410
"C:/Users/erayayasli/Documents/Unreal Projects/TowerClimber/Content/PaperAssetsFolder/King/King__Hit.uasset" 411
"C:/Users/erayayasli/Documents/Unreal Projects/TowerClimber/Content/PaperAssetsFolder/King/King__Hit.uexp" 412
"C:/Users/erayayasli/Documents/Unreal Projects/TowerClimber/Content/Blueprints/Characters/King/AnimSequences/Defeated.uasset" 413
"C:/Users/erayayasli/Documents/Unreal Projects/TowerClimber/Content/Blueprints/Characters/King/AnimSequences/Defeated.uexp" 414
"C:/Users/erayayasli/Documents/Unreal Projects/TowerClimber/Content/Blueprints/Characters/King/ABP_King.uasset" 415
"C:/Users/erayayasli/Documents/Unreal Projects/TowerClimber/Content/Blueprints/Characters/King/ABP_King.uexp" 416
"C:/Users/erayayasli/Documents/Unreal Projects/TowerClimber/Content/Blueprints/Characters/King/BP_King.uasset" 417
"C:/Users/erayayasli/Documents/Unreal Projects/TowerClimber/Content/Blueprints/Characters/King/BP_King.uexp" 418
"C:/Users/erayayasli/Documents/Unreal Projects/TowerClimber/Content/Blueprints/GM_Platformer.uasset" 419
"C:/Users/erayayasli/Documents/Unreal Projects/TowerClimber/Content/Blueprints/GM_Platformer.uexp" 420
"../../../Engine/Plugins/Runtime/MeshModelingToolset/Content/Materials/M_DynamicMeshComponentVtxColor.uasset" 421
"../../../Engine/Plugins/Runtime/MeshModelingToolset/Content/Materials/M_DynamicMeshComponentVtxColor.uexp" 422
"../../../Engine/Plugins/Animation/ControlRig/Content/Controls/ControlRig_Sphere_3mm.ubulk" 423
"../../../Engine/Plugins/Animation/ControlRig/Content/Controls/ControlRig_Sphere_3mm.uasset" 424
"../../../Engine/Plugins/Animation/ControlRig/Content/Controls/ControlRig_Sphere_3mm.uexp" 425
"../../../Engine/Plugins/Animation/ControlRig/Content/Controls/ControlRig_Sphere_1mm.ubulk" 426
"../../../Engine/Plugins/Animation/ControlRig/Content/Controls/ControlRig_Sphere_1mm.uasset" 427
"../../../Engine/Plugins/Animation/ControlRig/Content/Controls/ControlRig_Sphere_1mm.uexp" 428
"../../../Engine/Plugins/Animation/ControlRig/Content/Controls/ControlRig_RoundedTriangle_solid.ubulk" 429
"../../../Engine/Plugins/Animation/ControlRig/Content/Controls/ControlRig_RoundedTriangle_solid.uasset" 430
"../../../Engine/Plugins/Animation/ControlRig/Content/Controls/ControlRig_RoundedTriangle_solid.uexp" 431
"../../../Engine/Plugins/Animation/ControlRig/Content/Controls/ControlRig_RoundedTriangle_3mm.ubulk" 432
"../../../Engine/Plugins/Animation/ControlRig/Content/Controls/ControlRig_RoundedTriangle_3mm.uasset" 433
"../../../Engine/Plugins/Animation/ControlRig/Content/Controls/ControlRig_RoundedTriangle_3mm.uexp" 434
"../../../Engine/Plugins/Animation/ControlRig/Content/Controls/ControlRig_RoundedTriangle_1mm.ubulk" 435
"../../../Engine/Plugins/Animation/ControlRig/Content/Controls/ControlRig_RoundedTriangle_1mm.uasset" 436
"../../../Engine/Plugins/Animation/ControlRig/Content/Controls/ControlRig_RoundedTriangle_1mm.uexp" 437
"../../../Engine/Plugins/Animation/ControlRig/Content/Controls/ControlRig_RoundedSquare_solid.ubulk" 438
"../../../Engine/Plugins/Animation/ControlRig/Content/Controls/ControlRig_RoundedSquare_solid.uasset" 439
"../../../Engine/Plugins/Animation/ControlRig/Content/Controls/ControlRig_RoundedSquare_solid.uexp" 440
"../../../Engine/Plugins/Animation/ControlRig/Content/Controls/ControlRig_RoundedSquare_3mm.ubulk" 441
"../../../Engine/Plugins/Animation/ControlRig/Content/Controls/ControlRig_RoundedSquare_3mm.uasset" 442
"../../../Engine/Plugins/Animation/ControlRig/Content/Controls/ControlRig_RoundedSquare_3mm.uexp" 443
"../../../Engine/Plugins/Animation/ControlRig/Content/Controls/ControlRig_RoundedSquare_1mm.ubulk" 444
"../../../Engine/Plugins/Animation/ControlRig/Content/Controls/ControlRig_RoundedSquare_1mm.uasset" 445
"../../../Engine/Plugins/Animation/ControlRig/Content/Controls/ControlRig_RoundedSquare_1mm.uexp" 446
"../../../Engine/Plugins/Animation/ControlRig/Content/Controls/ControlRig_QuarterCircle_solid.ubulk" 447
"../../../Engine/Plugins/Animation/ControlRig/Content/Controls/ControlRig_QuarterCircle_solid.uasset" 448
"../../../Engine/Plugins/Animation/ControlRig/Content/Controls/ControlRig_QuarterCircle_solid.uexp" 449
"../../../Engine/Plugins/Animation/ControlRig/Content/Controls/ControlRig_QuarterCircle_3mm.ubulk" 450
"../../../Engine/Plugins/Animation/ControlRig/Content/Controls/ControlRig_QuarterCircle_3mm.uasset" 451
"../../../Engine/Plugins/Animation/ControlRig/Content/Controls/ControlRig_QuarterCircle_3mm.uexp" 452
"../../../Engine/Plugins/Animation/ControlRig/Content/Controls/ControlRig_QuarterCircle_1mm.ubulk" 453
"../../../Engine/Plugins/Animation/ControlRig/Content/Controls/ControlRig_QuarterCircle_1mm.uasset" 454
"../../../Engine/Plugins/Animation/ControlRig/Content/Controls/ControlRig_QuarterCircle_1mm.uexp" 455
"../../../Engine/Plugins/Animation/ControlRig/Content/Controls/ControlRig_Pyramid_solid.ubulk" 456
"../../../Engine/Plugins/Animation/ControlRig/Content/Controls/ControlRig_Pyramid_solid.uasset" 457
"../../../Engine/Plugins/Animation/ControlRig/Content/Controls/ControlRig_Pyramid_solid.uexp" 458
"../../../Engine/Plugins/Animation/ControlRig/Content/Controls/ControlRig_Pyramid_3mm.ubulk" 459
"../../../Engine/Plugins/Animation/ControlRig/Content/Controls/ControlRig_Pyramid_3mm.uasset" 460
"../../../Engine/Plugins/Animation/ControlRig/Content/Controls/ControlRig_Pyramid_3mm.uexp" 461
"../../../Engine/Plugins/Animation/ControlRig/Content/Controls/ControlRig_Pyramid_1mm.ubulk" 462
"../../../Engine/Plugins/Animation/ControlRig/Content/Controls/ControlRig_Pyramid_1mm.uasset" 463
"../../../Engine/Plugins/Animation/ControlRig/Content/Controls/ControlRig_Pyramid_1mm.uexp" 464
"../../../Engine/Plugins/Animation/ControlRig/Content/Controls/ControlRig_Octagon_solid.ubulk" 465
"../../../Engine/Plugins/Animation/ControlRig/Content/Controls/ControlRig_Octagon_solid.uasset" 466
"../../../Engine/Plugins/Animation/ControlRig/Content/Controls/ControlRig_Octagon_solid.uexp" 467
"../../../Engine/Plugins/Animation/ControlRig/Content/Controls/ControlRig_Octagon_3mm.ubulk" 468
"../../../Engine/Plugins/Animation/ControlRig/Content/Controls/ControlRig_Octagon_3mm.uasset" 469
"../../../Engine/Plugins/Animation/ControlRig/Content/Controls/ControlRig_Octagon_3mm.uexp" 470
"../../../Engine/Plugins/Animation/ControlRig/Content/Controls/ControlRig_Octagon_1mm.ubulk" 471
"../../../Engine/Plugins/Animation/ControlRig/Content/Controls/ControlRig_Octagon_1mm.uasset" 472
"../../../Engine/Plugins/Animation/ControlRig/Content/Controls/ControlRig_Octagon_1mm.uexp" 473
"../../../Engine/Plugins/Animation/ControlRig/Content/Controls/ControlRig_Hexagon_solid.ubulk" 474
"../../../Engine/Plugins/Animation/ControlRig/Content/Controls/ControlRig_Hexagon_solid.uasset" 475
"../../../Engine/Plugins/Animation/ControlRig/Content/Controls/ControlRig_Hexagon_solid.uexp" 476
"../../../Engine/Plugins/Animation/ControlRig/Content/Controls/ControlRig_Hexagon_3mm.ubulk" 477
"../../../Engine/Plugins/Animation/ControlRig/Content/Controls/ControlRig_Hexagon_3mm.uasset" 478
"../../../Engine/Plugins/Animation/ControlRig/Content/Controls/ControlRig_Hexagon_3mm.uexp" 479
"../../../Engine/Plugins/Animation/ControlRig/Content/Controls/ControlRig_Hexagon_1mm.ubulk" 480
"../../../Engine/Plugins/Animation/ControlRig/Content/Controls/ControlRig_Hexagon_1mm.uasset" 481
"../../../Engine/Plugins/Animation/ControlRig/Content/Controls/ControlRig_Hexagon_1mm.uexp" 482
"../../../Engine/Plugins/Animation/ControlRig/Content/Controls/ControlRig_HalfCircle_solid.ubulk" 483
"../../../Engine/Plugins/Animation/ControlRig/Content/Controls/ControlRig_HalfCircle_solid.uasset" 484
"../../../Engine/Plugins/Animation/ControlRig/Content/Controls/ControlRig_HalfCircle_solid.uexp" 485
"../../../Engine/Plugins/Animation/ControlRig/Content/Controls/ControlRig_HalfCircle_3mm.ubulk" 486
"../../../Engine/Plugins/Animation/ControlRig/Content/Controls/ControlRig_HalfCircle_3mm.uasset" 487
"../../../Engine/Plugins/Animation/ControlRig/Content/Controls/ControlRig_HalfCircle_3mm.uexp" 488
"../../../Engine/Plugins/Animation/ControlRig/Content/Controls/ControlRig_HalfCircle_1mm.ubulk" 489
"../../../Engine/Plugins/Animation/ControlRig/Content/Controls/ControlRig_HalfCircle_1mm.uasset" 490
"../../../Engine/Plugins/Animation/ControlRig/Content/Controls/ControlRig_HalfCircle_1mm.uexp" 491
"../../../Engine/Plugins/Animation/ControlRig/Content/Controls/ControlRig_Diamond_solid.ubulk" 492
"../../../Engine/Plugins/Animation/ControlRig/Content/Controls/ControlRig_Diamond_solid.uasset" 493
"../../../Engine/Plugins/Animation/ControlRig/Content/Controls/ControlRig_Diamond_solid.uexp" 494
"../../../Engine/Plugins/Animation/ControlRig/Content/Controls/ControlRig_Diamond_3mm.ubulk" 495
"../../../Engine/Plugins/Animation/ControlRig/Content/Controls/ControlRig_Diamond_3mm.uasset" 496
"../../../Engine/Plugins/Animation/ControlRig/Content/Controls/ControlRig_Diamond_3mm.uexp" 497
"../../../Engine/Plugins/Animation/ControlRig/Content/Controls/ControlRig_Diamond_1mm.ubulk" 498
"../../../Engine/Plugins/Animation/ControlRig/Content/Controls/ControlRig_Diamond_1mm.uasset" 499
"../../../Engine/Plugins/Animation/ControlRig/Content/Controls/ControlRig_Diamond_1mm.uexp" 500
"../../../Engine/Plugins/Animation/ControlRig/Content/Controls/ControlRig_Circle_solid.ubulk" 501
"../../../Engine/Plugins/Animation/ControlRig/Content/Controls/ControlRig_Circle_solid.uasset" 502
"../../../Engine/Plugins/Animation/ControlRig/Content/Controls/ControlRig_Circle_solid.uexp" 503
"../../../Engine/Plugins/Animation/ControlRig/Content/Controls/ControlRig_Circle_3mm.ubulk" 504
"../../../Engine/Plugins/Animation/ControlRig/Content/Controls/ControlRig_Circle_3mm.uasset" 505
"../../../Engine/Plugins/Animation/ControlRig/Content/Controls/ControlRig_Circle_3mm.uexp" 506
"../../../Engine/Plugins/Animation/ControlRig/Content/Controls/ControlRig_Circle_1mm.ubulk" 507
"../../../Engine/Plugins/Animation/ControlRig/Content/Controls/ControlRig_Circle_1mm.uasset" 508
"../../../Engine/Plugins/Animation/ControlRig/Content/Controls/ControlRig_Circle_1mm.uexp" 509
"../../../Engine/Plugins/Animation/ControlRig/Content/Controls/ControlRig_Box_solid.ubulk" 510
"../../../Engine/Plugins/Animation/ControlRig/Content/Controls/ControlRig_Box_solid.uasset" 511
"../../../Engine/Plugins/Animation/ControlRig/Content/Controls/ControlRig_Box_solid.uexp" 512
"../../../Engine/Plugins/Animation/ControlRig/Content/Controls/ControlRig_Box_3mm.ubulk" 513
"../../../Engine/Plugins/Animation/ControlRig/Content/Controls/ControlRig_Box_3mm.uasset" 514
"../../../Engine/Plugins/Animation/ControlRig/Content/Controls/ControlRig_Box_3mm.uexp" 515
"../../../Engine/Plugins/Animation/ControlRig/Content/Controls/ControlRig_Box_1mm.ubulk" 516
"../../../Engine/Plugins/Animation/ControlRig/Content/Controls/ControlRig_Box_1mm.uasset" 517
"../../../Engine/Plugins/Animation/ControlRig/Content/Controls/ControlRig_Box_1mm.uexp" 518
"../../../Engine/Plugins/Animation/ControlRig/Content/Controls/ControlRig_Arrow_solid.ubulk" 519
"../../../Engine/Plugins/Animation/ControlRig/Content/Controls/ControlRig_Arrow_solid.uasset" 520
"../../../Engine/Plugins/Animation/ControlRig/Content/Controls/ControlRig_Arrow_solid.uexp" 521
"../../../Engine/Plugins/Animation/ControlRig/Content/Controls/ControlRig_Arrow_3mm.ubulk" 522
"../../../Engine/Plugins/Animation/ControlRig/Content/Controls/ControlRig_Arrow_3mm.uasset" 523
"../../../Engine/Plugins/Animation/ControlRig/Content/Controls/ControlRig_Arrow_3mm.uexp" 524
"../../../Engine/Plugins/Animation/ControlRig/Content/Controls/ControlRig_Arrow_1mm.ubulk" 525
"../../../Engine/Plugins/Animation/ControlRig/Content/Controls/ControlRig_Arrow_1mm.uasset" 526
"../../../Engine/Plugins/Animation/ControlRig/Content/Controls/ControlRig_Arrow_1mm.uexp" 527
"../../../Engine/Plugins/Animation/ControlRig/Content/Controls/ControlRig_Arrow4_solid.ubulk" 528
"../../../Engine/Plugins/Animation/ControlRig/Content/Controls/ControlRig_Arrow4_solid.uasset" 529
"../../../Engine/Plugins/Animation/ControlRig/Content/Controls/ControlRig_Arrow4_solid.uexp" 530
"../../../Engine/Plugins/Animation/ControlRig/Content/Controls/ControlRig_Arrow4_3mm.ubulk" 531
"../../../Engine/Plugins/Animation/ControlRig/Content/Controls/ControlRig_Arrow4_3mm.uasset" 532
"../../../Engine/Plugins/Animation/ControlRig/Content/Controls/ControlRig_Arrow4_3mm.uexp" 533
"../../../Engine/Plugins/Animation/ControlRig/Content/Controls/ControlRig_Arrow4_1mm.ubulk" 534
"../../../Engine/Plugins/Animation/ControlRig/Content/Controls/ControlRig_Arrow4_1mm.uasset" 535
"../../../Engine/Plugins/Animation/ControlRig/Content/Controls/ControlRig_Arrow4_1mm.uexp" 536
"../../../Engine/Plugins/Animation/ControlRig/Content/Controls/ControlRig_Arrow2_solid.ubulk" 537
"../../../Engine/Plugins/Animation/ControlRig/Content/Controls/ControlRig_Arrow2_solid.uasset" 538
"../../../Engine/Plugins/Animation/ControlRig/Content/Controls/ControlRig_Arrow2_solid.uexp" 539
"../../../Engine/Plugins/Animation/ControlRig/Content/Controls/ControlRig_Arrow2_3mm.ubulk" 540
"../../../Engine/Plugins/Animation/ControlRig/Content/Controls/ControlRig_Arrow2_3mm.uasset" 541
"../../../Engine/Plugins/Animation/ControlRig/Content/Controls/ControlRig_Arrow2_3mm.uexp" 542
"../../../Engine/Plugins/Animation/ControlRig/Content/Controls/ControlRig_Arrow2_1mm.ubulk" 543
"../../../Engine/Plugins/Animation/ControlRig/Content/Controls/ControlRig_Arrow2_1mm.uasset" 544
"../../../Engine/Plugins/Animation/ControlRig/Content/Controls/ControlRig_Arrow2_1mm.uexp" 545
"../../../Engine/Plugins/Animation/ControlRig/Content/Controls/ControlRigXRayMaterial.uasset" 546
"../../../Engine/Plugins/Animation/ControlRig/Content/Controls/ControlRigXRayMaterial.uexp" 547
"../../../Engine/Plugins/Animation/ControlRig/Content/Controls/ControlRigGizmoMaterial.uasset" 548
"../../../Engine/Plugins/Animation/ControlRig/Content/Controls/ControlRigGizmoMaterial.uexp" 549
"../../../Engine/Content/EngineSounds/Master.uasset" 550
"../../../Engine/Content/EngineSounds/Master.uexp" 551
"../../../Engine/Content/EngineMaterials/DefaultCalibrationGrayscale.uasset" 552
"../../../Engine/Content/EngineMaterials/DefaultCalibrationGrayscale.uexp" 553
"../../../Engine/Content/EngineMaterials/PPM_DefaultCalibrationGrayscale.uasset" 554
"../../../Engine/Content/EngineMaterials/PPM_DefaultCalibrationGrayscale.uexp" 555
"../../../Engine/Content/EngineMaterials/DefaultCalibrationColor.uasset" 556
"../../../Engine/Content/EngineMaterials/DefaultCalibrationColor.uexp" 557
"../../../Engine/Content/EngineMaterials/PPM_DefaultCalibrationColor.uasset" 558
"../../../Engine/Content/EngineMaterials/PPM_DefaultCalibrationColor.uexp" 559
"../../../Engine/Content/EngineMaterials/PhAT_JointLimitMaterial.uasset" 560
"../../../Engine/Content/EngineMaterials/PhAT_JointLimitMaterial.uexp" 561
"../../../Engine/Content/EngineMaterials/NaniteHiddenSectionMaterial.uasset" 562
"../../../Engine/Content/EngineMaterials/NaniteHiddenSectionMaterial.uexp" 563
"../../../Engine/Content/EngineMaterials/InvalidLightmapSettings.ubulk" 564
"../../../Engine/Content/EngineMaterials/InvalidLightmapSettings.uasset" 565
"../../../Engine/Content/EngineMaterials/InvalidLightmapSettings.uexp" 566
"../../../Engine/Content/EngineMaterials/M_InvalidLightmapSettings.uasset" 567
"../../../Engine/Content/EngineMaterials/M_InvalidLightmapSettings.uexp" 568
"../../../Engine/Content/EngineMaterials/GizmoMaterial.uasset" 569
"../../../Engine/Content/EngineMaterials/GizmoMaterial.uexp" 570
"../../../Engine/Content/EngineMaterials/BaseFlattenEmissiveMap_VT.uasset" 571
"../../../Engine/Content/EngineMaterials/BaseFlattenEmissiveMap_VT.uexp" 572
"../../../Engine/Content/EngineMaterials/BaseFlattenGrayscaleMap_VT.uasset" 573
"../../../Engine/Content/EngineMaterials/BaseFlattenGrayscaleMap_VT.uexp" 574
"../../../Engine/Content/EngineMaterials/BaseFlattenLinearColor_VT.uasset" 575
"../../../Engine/Content/EngineMaterials/BaseFlattenLinearColor_VT.uexp" 576
"../../../Engine/Content/EngineMaterials/Black_1x1_EXR_Texture_VT.uasset" 577
"../../../Engine/Content/EngineMaterials/Black_1x1_EXR_Texture_VT.uexp" 578
"../../../Engine/Content/EngineMaterials/BaseFlattenDiffuseMap_VT.uasset" 579
"../../../Engine/Content/EngineMaterials/BaseFlattenDiffuseMap_VT.uexp" 580
"../../../Engine/Content/EngineMaterials/BaseFlattenNormalMap_VT.uasset" 581
"../../../Engine/Content/EngineMaterials/BaseFlattenNormalMap_VT.uexp" 582
"../../../Engine/Content/EngineMaterials/FlattenMaterial_WS_Normal_VT.uasset" 583
"../../../Engine/Content/EngineMaterials/FlattenMaterial_WS_Normal_VT.uexp" 584
"../../../Engine/Content/EngineMaterials/FlattenMaterial_VT.uasset" 585
"../../../Engine/Content/EngineMaterials/FlattenMaterial_VT.uexp" 586
"../../../Engine/Content/EngineMaterials/BaseFlattenNormalMap.uasset" 587
"../../../Engine/Content/EngineMaterials/BaseFlattenNormalMap.uexp" 588
"../../../Engine/Content/EngineMaterials/BaseFlattenGrayscaleMap.uasset" 589
"../../../Engine/Content/EngineMaterials/BaseFlattenGrayscaleMap.uexp" 590
"../../../Engine/Content/EngineMaterials/BaseFlattenDiffuseMap.uasset" 591
"../../../Engine/Content/EngineMaterials/BaseFlattenDiffuseMap.uexp" 592
"../../../Engine/Content/Functions/Engine_MaterialFunctions02/PivotPainter2/Black_1x1_EXR_Texture.uasset" 593
"../../../Engine/Content/Functions/Engine_MaterialFunctions02/PivotPainter2/Black_1x1_EXR_Texture.uexp" 594
"../../../Engine/Content/EngineMaterials/BaseFlattenEmissiveMap.uasset" 595
"../../../Engine/Content/EngineMaterials/BaseFlattenEmissiveMap.uexp" 596
"../../../Engine/Content/EngineMaterials/BaseFlattenLinearColor.uasset" 597
"../../../Engine/Content/EngineMaterials/BaseFlattenLinearColor.uexp" 598
"../../../Engine/Content/EngineMaterials/FlattenMaterial.uasset" 599
"../../../Engine/Content/EngineMaterials/FlattenMaterial.uexp" 600
"../../../Engine/Content/EngineMaterials/DefaultWhiteGrid_Low.uasset" 601
"../../../Engine/Content/EngineMaterials/DefaultWhiteGrid_Low.uexp" 602
"../../../Engine/Content/EngineMaterials/EmissiveMeshMaterial.uasset" 603
"../../../Engine/Content/EngineMaterials/EmissiveMeshMaterial.uexp" 604
"../../../Engine/Content/EngineFonts/RobotoDistanceField.uasset" 605
"../../../Engine/Content/EngineFonts/RobotoDistanceField.uexp" 606
"../../../Engine/Content/EngineMaterials/DefaultTextMaterialOpaque.uasset" 607
"../../../Engine/Content/EngineMaterials/DefaultTextMaterialOpaque.uexp" 608
"../../../Engine/Content/EngineMaterials/DefaultDiffuse.ubulk" 609
"../../../Engine/Content/EngineMaterials/DefaultDiffuse.uasset" 610
"../../../Engine/Content/EngineMaterials/DefaultDiffuse.uexp" 611
"../../../Engine/Content/Functions/Engine_MaterialFunctions02/Utility/BreakOutFloat2Components.uasset" 612
"../../../Engine/Content/Functions/Engine_MaterialFunctions02/Utility/BreakOutFloat2Components.uexp" 613
"../../../Engine/Content/EngineMaterials/DefaultPostProcessMaterial.uasset" 614
"../../../Engine/Content/EngineMaterials/DefaultPostProcessMaterial.uexp" 615
"../../../Engine/Content/EngineMaterials/DefaultPhysicalMaterial.uasset" 616
"../../../Engine/Content/EngineMaterials/DefaultPhysicalMaterial.uexp" 617
"../../../Engine/Content/EngineMaterials/DefaultLightFunctionMaterial.uasset" 618
"../../../Engine/Content/EngineMaterials/DefaultLightFunctionMaterial.uexp" 619
"../../../Engine/Content/EngineMaterials/DefaultDestructiblePhysicalMaterial.uasset" 620
"../../../Engine/Content/EngineMaterials/DefaultDestructiblePhysicalMaterial.uexp" 621
"../../../Engine/Content/EngineMaterials/DefaultDeferredDecalMaterial.uasset" 622
"../../../Engine/Content/EngineMaterials/DefaultDeferredDecalMaterial.uexp" 623
"../../../Engine/Content/EngineMaterials/DefaultBloomKernel.uasset" 624
"../../../Engine/Content/EngineMaterials/DefaultBloomKernel.uexp" 625
"../../../Engine/Content/EngineFonts/Faces/RobotoLight.uexp" 626
"../../../Engine/Content/EngineFonts/Faces/RobotoLight.uasset" 627
"../../../Engine/Content/EngineFonts/Faces/RobotoLight.ufont" 628
"../../../Engine/Content/EngineFonts/Faces/RobotoBold.uexp" 629
"../../../Engine/Content/EngineFonts/Faces/RobotoBold.uasset" 630
"../../../Engine/Content/EngineFonts/Faces/RobotoBold.ufont" 631
"../../../Engine/Content/EngineFonts/Faces/RobotoRegular.uexp" 632
"../../../Engine/Content/EngineFonts/Faces/RobotoRegular.uasset" 633
"../../../Engine/Content/EngineFonts/Faces/RobotoRegular.ufont" 634
"../../../Engine/Content/EngineFonts/Faces/DroidSansFallback.uexp" 635
"../../../Engine/Content/EngineFonts/Faces/DroidSansFallback.uasset" 636
"../../../Engine/Content/EngineFonts/Faces/DroidSansFallback.ufont" 637
"../../../Engine/Content/EngineFonts/Faces/RobotoItalic.uexp" 638
"../../../Engine/Content/EngineFonts/Faces/RobotoItalic.uasset" 639
"../../../Engine/Content/EngineFonts/Faces/RobotoItalic.ufont" 640
"../../../Engine/Content/EngineFonts/Faces/RobotoBoldItalic.uexp" 641
"../../../Engine/Content/EngineFonts/Faces/RobotoBoldItalic.uasset" 642
"../../../Engine/Content/EngineFonts/Faces/RobotoBoldItalic.ufont" 643
"../../../Engine/Content/EngineFonts/Roboto.uasset" 644
"../../../Engine/Content/EngineFonts/Roboto.uexp" 645
"../../../Engine/Content/Functions/Engine_MaterialFunctions02/Utility/CameraDirectionVector.uasset" 646
"../../../Engine/Content/Functions/Engine_MaterialFunctions02/Utility/CameraDirectionVector.uexp" 647
"../../../Engine/Content/EngineDebugMaterials/VolumeToRender.uasset" 648
"../../../Engine/Content/EngineDebugMaterials/VolumeToRender.uexp" 649
"../../../Engine/Content/EngineDebugMaterials/M_VolumeRenderSphereTracePP.uasset" 650
"../../../Engine/Content/EngineDebugMaterials/M_VolumeRenderSphereTracePP.uexp" 651
"../../../Engine/Content/EngineDebugMaterials/M_SimpleUnlitTranslucent.uasset" 652
"../../../Engine/Content/EngineDebugMaterials/M_SimpleUnlitTranslucent.uexp" 653
"../../../Engine/Content/EngineDebugMaterials/DebugMeshMaterial.uasset" 654
"../../../Engine/Content/EngineDebugMaterials/DebugMeshMaterial.uexp" 655
"../../../Engine/Content/EngineDebugMaterials/DebugEditorMaterial.uasset" 656
"../../../Engine/Content/EngineDebugMaterials/DebugEditorMaterial.uexp" 657
"../../../Engine/Content/EngineDamageTypes/DmgTypeBP_Environmental.uasset" 658
"../../../Engine/Content/EngineDamageTypes/DmgTypeBP_Environmental.uexp" 659
"../../../Engine/Content/EditorResources/EmptyActor.uasset" 660
"../../../Engine/Content/EditorResources/EmptyActor.uexp" 661
"../../../Engine/Content/EditorResources/BSPVertex.uasset" 662
"../../../Engine/Content/EditorResources/BSPVertex.uexp" 663
"../../../Engine/Content/EditorMaterials/PreviewShadowIndicator.ubulk" 664
"../../../Engine/Content/EditorMaterials/PreviewShadowIndicator.uasset" 665
"../../../Engine/Content/EditorMaterials/PreviewShadowIndicator.uexp" 666
"../../../Engine/Content/EditorMaterials/PreviewShadowIndicatorMaterial.uasset" 667
"../../../Engine/Content/EditorMaterials/PreviewShadowIndicatorMaterial.uexp" 668
"../../../Engine/Content/EditorMaterials/PhAT_UnselectedMaterial.uasset" 669
"../../../Engine/Content/EditorMaterials/PhAT_UnselectedMaterial.uexp" 670
"../../../Engine/Content/EditorMaterials/PhAT_NoCollisionMaterial.uasset" 671
"../../../Engine/Content/EditorMaterials/PhAT_NoCollisionMaterial.uexp" 672
"../../../Engine/Content/EditorLandscapeResources/DataLayer.uasset" 673
"../../../Engine/Content/EditorLandscapeResources/DataLayer.uexp" 674
"../../../Engine/Content/EngineMaterials/DefaultMaterial.uasset" 675
"../../../Engine/Content/EngineMaterials/DefaultMaterial.uexp" 676
"../../../Engine/Content/BasicShapes/Sphere.ubulk" 677
"../../../Engine/Content/BasicShapes/Sphere.uasset" 678
"../../../Engine/Content/BasicShapes/Sphere.uexp" 679
"../../../Engine/Content/BasicShapes/Plane.ubulk" 680
"../../../Engine/Content/BasicShapes/Plane.uasset" 681
"../../../Engine/Content/BasicShapes/Plane.uexp" 682
"../../../Engine/Content/BasicShapes/Cylinder.ubulk" 683
"../../../Engine/Content/BasicShapes/Cylinder.uasset" 684
"../../../Engine/Content/BasicShapes/Cylinder.uexp" 685
"../../../Engine/Content/BasicShapes/Cube.ubulk" 686
"../../../Engine/Content/BasicShapes/Cube.uasset" 687
"../../../Engine/Content/BasicShapes/Cube.uexp" 688
"../../../Engine/Content/BasicShapes/Cone.ubulk" 689
"../../../Engine/Content/BasicShapes/Cone.uasset" 690
"../../../Engine/Content/BasicShapes/Cone.uexp" 691
"../../../Engine/Content/EngineSky/VolumetricClouds/CloudWeatherTexture.uasset" 692
"../../../Engine/Content/EngineSky/VolumetricClouds/CloudWeatherTexture.uexp" 693
"../../../Engine/Content/Functions/Engine_MaterialFunctions02/Utility/MakeFloat2.uasset" 694
"../../../Engine/Content/Functions/Engine_MaterialFunctions02/Utility/MakeFloat2.uexp" 695
"../../../Engine/Content/EngineSky/VolumetricClouds/CloudGradientTexture.uasset" 696
"../../../Engine/Content/EngineSky/VolumetricClouds/CloudGradientTexture.uexp" 697
"../../../Engine/Content/EngineSky/VolumetricClouds/T_NoiseShape64.ubulk" 698
"../../../Engine/Content/EngineSky/VolumetricClouds/T_NoiseShape64.uasset" 699
"../../../Engine/Content/EngineSky/VolumetricClouds/T_NoiseShape64.uexp" 700
"../../../Engine/Content/EngineSky/VolumetricClouds/T_VolumeNoiseShape64.uasset" 701
"../../../Engine/Content/EngineSky/VolumetricClouds/T_VolumeNoiseShape64.uexp" 702
"../../../Engine/Content/EngineSky/VolumetricClouds/T_NoiseErosion.ubulk" 703
"../../../Engine/Content/EngineSky/VolumetricClouds/T_NoiseErosion.uasset" 704
"../../../Engine/Content/EngineSky/VolumetricClouds/T_NoiseErosion.uexp" 705
"../../../Engine/Content/EngineSky/VolumetricClouds/T_VolumeNoiseErosion32.uasset" 706
"../../../Engine/Content/EngineSky/VolumetricClouds/T_VolumeNoiseErosion32.uexp" 707
"../../../Engine/Content/EngineSky/VolumetricClouds/m_SimpleVolumetricCloud.uasset" 708
"../../../Engine/Content/EngineSky/VolumetricClouds/m_SimpleVolumetricCloud.uexp" 709
"../../../Engine/Content/EngineSky/VolumetricClouds/m_SimpleVolumetricCloud_Inst.uasset" 710
"../../../Engine/Content/EngineSky/VolumetricClouds/m_SimpleVolumetricCloud_Inst.uexp" 711
"../../../Engine/Content/EngineResources/FilmGrains/Marcie_Grain_v3_128_M2_000.uasset" 712
"../../../Engine/Content/EngineResources/FilmGrains/Marcie_Grain_v3_128_M2_000.uexp" 713
"C:/Users/erayayasli/Documents/Unreal Projects/TowerClimber/Content/PaperAssetsFolder/TileSets/Terrain.uasset" 714
"C:/Users/erayayasli/Documents/Unreal Projects/TowerClimber/Content/PaperAssetsFolder/TileSets/Terrain.uexp" 715
"C:/Users/erayayasli/Documents/Unreal Projects/TowerClimber/Content/PaperAssetsFolder/TileSets/Decorations.uasset" 716
"C:/Users/erayayasli/Documents/Unreal Projects/TowerClimber/Content/PaperAssetsFolder/TileSets/Decorations.uexp" 717
"C:/Users/erayayasli/Documents/Unreal Projects/TowerClimber/Content/PaperAssetsFolder/Spring/Textures/Spring.uasset" 718
"C:/Users/erayayasli/Documents/Unreal Projects/TowerClimber/Content/PaperAssetsFolder/Spring/Textures/Spring.uexp" 719
"../../../Engine/Content/MobileResources/HUD/VirtualJoystick_Background.uasset" 720
"../../../Engine/Content/MobileResources/HUD/VirtualJoystick_Background.uexp" 721
"../../../Engine/Content/MobileResources/HUD/VirtualJoystick_Thumb.uasset" 722
"../../../Engine/Content/MobileResources/HUD/VirtualJoystick_Thumb.uexp" 723
"../../../Engine/Content/MobileResources/HUD/DefaultVirtualJoysticks.uasset" 724
"../../../Engine/Content/MobileResources/HUD/DefaultVirtualJoysticks.uexp" 725
"../../../Engine/Content/EditorResources/SequenceRecorder/RecordingIndicator.uasset" 726
"../../../Engine/Content/EditorResources/SequenceRecorder/RecordingIndicator.uexp" 727
"../../../Engine/Content/EditorResources/SequenceRecorder/Countdown.uasset" 728
"../../../Engine/Content/EditorResources/SequenceRecorder/Countdown.uexp" 729
"../../../Engine/Content/Functions/Engine_MaterialFunctions01/Shading/PowerToRoughness.uasset" 730
"../../../Engine/Content/Functions/Engine_MaterialFunctions01/Shading/PowerToRoughness.uexp" 731
"../../../Engine/Content/Functions/Engine_MaterialFunctions01/Shading/ConvertFromDiffSpec.uasset" 732
"../../../Engine/Content/Functions/Engine_MaterialFunctions01/Shading/ConvertFromDiffSpec.uexp" 733
"C:/Users/erayayasli/Documents/Unreal Projects/TowerClimber/Content/PaperAssetsFolder/King/Frames/King__Out_7_aseprite.uasset" 734
"C:/Users/erayayasli/Documents/Unreal Projects/TowerClimber/Content/PaperAssetsFolder/King/Frames/King__Out_7_aseprite.uexp" 735
"C:/Users/erayayasli/Documents/Unreal Projects/TowerClimber/Content/PaperAssetsFolder/King/Frames/King__Out_4_aseprite.uasset" 736
"C:/Users/erayayasli/Documents/Unreal Projects/TowerClimber/Content/PaperAssetsFolder/King/Frames/King__Out_4_aseprite.uexp" 737
"C:/Users/erayayasli/Documents/Unreal Projects/TowerClimber/Content/PaperAssetsFolder/King/Frames/King__Out_0_aseprite.uasset" 738
"C:/Users/erayayasli/Documents/Unreal Projects/TowerClimber/Content/PaperAssetsFolder/King/Frames/King__Out_0_aseprite.uexp" 739
"C:/Users/erayayasli/Documents/Unreal Projects/TowerClimber/Content/PaperAssetsFolder/King/Frames/King__Out_3_aseprite.uasset" 740
"C:/Users/erayayasli/Documents/Unreal Projects/TowerClimber/Content/PaperAssetsFolder/King/Frames/King__Out_3_aseprite.uexp" 741
"C:/Users/erayayasli/Documents/Unreal Projects/TowerClimber/Content/PaperAssetsFolder/King/Frames/King__Out_2_aseprite.uasset" 742
"C:/Users/erayayasli/Documents/Unreal Projects/TowerClimber/Content/PaperAssetsFolder/King/Frames/King__Out_2_aseprite.uexp" 743
"C:/Users/erayayasli/Documents/Unreal Projects/TowerClimber/Content/PaperAssetsFolder/King/Frames/King__Out_6_aseprite.uasset" 744
"C:/Users/erayayasli/Documents/Unreal Projects/TowerClimber/Content/PaperAssetsFolder/King/Frames/King__Out_6_aseprite.uexp" 745
"C:/Users/erayayasli/Documents/Unreal Projects/TowerClimber/Content/PaperAssetsFolder/King/Frames/King__Out_5_aseprite.uasset" 746
"C:/Users/erayayasli/Documents/Unreal Projects/TowerClimber/Content/PaperAssetsFolder/King/Frames/King__Out_5_aseprite.uexp" 747
"C:/Users/erayayasli/Documents/Unreal Projects/TowerClimber/Content/PaperAssetsFolder/King/Frames/King__Out_1_aseprite.uasset" 748
"C:/Users/erayayasli/Documents/Unreal Projects/TowerClimber/Content/PaperAssetsFolder/King/Frames/King__Out_1_aseprite.uexp" 749
"C:/Users/erayayasli/Documents/Unreal Projects/TowerClimber/Content/PaperAssetsFolder/King/King__Out.uasset" 750
"C:/Users/erayayasli/Documents/Unreal Projects/TowerClimber/Content/PaperAssetsFolder/King/King__Out.uexp" 751
"C:/Users/erayayasli/Documents/Unreal Projects/TowerClimber/Content/PaperAssetsFolder/King/Frames/King__In_6_aseprite.uasset" 752
"C:/Users/erayayasli/Documents/Unreal Projects/TowerClimber/Content/PaperAssetsFolder/King/Frames/King__In_6_aseprite.uexp" 753
"C:/Users/erayayasli/Documents/Unreal Projects/TowerClimber/Content/PaperAssetsFolder/King/Frames/King__In_4_aseprite.uasset" 754
"C:/Users/erayayasli/Documents/Unreal Projects/TowerClimber/Content/PaperAssetsFolder/King/Frames/King__In_4_aseprite.uexp" 755
"C:/Users/erayayasli/Documents/Unreal Projects/TowerClimber/Content/PaperAssetsFolder/King/Frames/King__In_3_aseprite.uasset" 756
"C:/Users/erayayasli/Documents/Unreal Projects/TowerClimber/Content/PaperAssetsFolder/King/Frames/King__In_3_aseprite.uexp" 757
"C:/Users/erayayasli/Documents/Unreal Projects/TowerClimber/Content/PaperAssetsFolder/King/Frames/King__In_5_aseprite.uasset" 758
"C:/Users/erayayasli/Documents/Unreal Projects/TowerClimber/Content/PaperAssetsFolder/King/Frames/King__In_5_aseprite.uexp" 759
"C:/Users/erayayasli/Documents/Unreal Projects/TowerClimber/Content/PaperAssetsFolder/King/Frames/King__In_7_aseprite.uasset" 760
"C:/Users/erayayasli/Documents/Unreal Projects/TowerClimber/Content/PaperAssetsFolder/King/Frames/King__In_7_aseprite.uexp" 761
"C:/Users/erayayasli/Documents/Unreal Projects/TowerClimber/Content/PaperAssetsFolder/King/Frames/King__In_1_aseprite.uasset" 762
"C:/Users/erayayasli/Documents/Unreal Projects/TowerClimber/Content/PaperAssetsFolder/King/Frames/King__In_1_aseprite.uexp" 763
"C:/Users/erayayasli/Documents/Unreal Projects/TowerClimber/Content/PaperAssetsFolder/King/Frames/King__In_2_aseprite.uasset" 764
"C:/Users/erayayasli/Documents/Unreal Projects/TowerClimber/Content/PaperAssetsFolder/King/Frames/King__In_2_aseprite.uexp" 765
"C:/Users/erayayasli/Documents/Unreal Projects/TowerClimber/Content/PaperAssetsFolder/King/Frames/King__In_0_aseprite.uasset" 766
"C:/Users/erayayasli/Documents/Unreal Projects/TowerClimber/Content/PaperAssetsFolder/King/Frames/King__In_0_aseprite.uexp" 767
"C:/Users/erayayasli/Documents/Unreal Projects/TowerClimber/Content/PaperAssetsFolder/King/King__In.uasset" 768
"C:/Users/erayayasli/Documents/Unreal Projects/TowerClimber/Content/PaperAssetsFolder/King/King__In.uexp" 769
"C:/Users/erayayasli/Documents/Unreal Projects/TowerClimber/Content/PaperAssetsFolder/King/Frames/King__Ground_0_aseprite.uasset" 770
"C:/Users/erayayasli/Documents/Unreal Projects/TowerClimber/Content/PaperAssetsFolder/King/Frames/King__Ground_0_aseprite.uexp" 771
"C:/Users/erayayasli/Documents/Unreal Projects/TowerClimber/Content/PaperAssetsFolder/King/King__Ground.uasset" 772
"C:/Users/erayayasli/Documents/Unreal Projects/TowerClimber/Content/PaperAssetsFolder/King/King__Ground.uexp" 773
"C:/Users/erayayasli/Documents/Unreal Projects/TowerClimber/Content/PaperAssetsFolder/King/Frames/King__Dead_3_aseprite.uasset" 774
"C:/Users/erayayasli/Documents/Unreal Projects/TowerClimber/Content/PaperAssetsFolder/King/Frames/King__Dead_3_aseprite.uexp" 775
"C:/Users/erayayasli/Documents/Unreal Projects/TowerClimber/Content/PaperAssetsFolder/King/Frames/King__Dead_1_aseprite.uasset" 776
"C:/Users/erayayasli/Documents/Unreal Projects/TowerClimber/Content/PaperAssetsFolder/King/Frames/King__Dead_1_aseprite.uexp" 777
"C:/Users/erayayasli/Documents/Unreal Projects/TowerClimber/Content/PaperAssetsFolder/King/Frames/King__Dead_2_aseprite.uasset" 778
"C:/Users/erayayasli/Documents/Unreal Projects/TowerClimber/Content/PaperAssetsFolder/King/Frames/King__Dead_2_aseprite.uexp" 779
"C:/Users/erayayasli/Documents/Unreal Projects/TowerClimber/Content/PaperAssetsFolder/King/Frames/King__Dead_0_aseprite.uasset" 780
"C:/Users/erayayasli/Documents/Unreal Projects/TowerClimber/Content/PaperAssetsFolder/King/Frames/King__Dead_0_aseprite.uexp" 781
"C:/Users/erayayasli/Documents/Unreal Projects/TowerClimber/Content/PaperAssetsFolder/King/King__Dead.uasset" 782
"C:/Users/erayayasli/Documents/Unreal Projects/TowerClimber/Content/PaperAssetsFolder/King/King__Dead.uexp" 783
"C:/Users/erayayasli/Documents/Unreal Projects/TowerClimber/Content/PaperAssetsFolder/King/Frames/King__Attack_2_aseprite.uasset" 784
"C:/Users/erayayasli/Documents/Unreal Projects/TowerClimber/Content/PaperAssetsFolder/King/Frames/King__Attack_2_aseprite.uexp" 785
"C:/Users/erayayasli/Documents/Unreal Projects/TowerClimber/Content/PaperAssetsFolder/King/Frames/King__Attack_1_aseprite.uasset" 786
"C:/Users/erayayasli/Documents/Unreal Projects/TowerClimber/Content/PaperAssetsFolder/King/Frames/King__Attack_1_aseprite.uexp" 787
"C:/Users/erayayasli/Documents/Unreal Projects/TowerClimber/Content/PaperAssetsFolder/King/Frames/King__Attack_0_aseprite.uasset" 788
"C:/Users/erayayasli/Documents/Unreal Projects/TowerClimber/Content/PaperAssetsFolder/King/Frames/King__Attack_0_aseprite.uexp" 789
"C:/Users/erayayasli/Documents/Unreal Projects/TowerClimber/Content/PaperAssetsFolder/King/King__Attack.uasset" 790
"C:/Users/erayayasli/Documents/Unreal Projects/TowerClimber/Content/PaperAssetsFolder/King/King__Attack.uexp" 791
"C:/Users/erayayasli/Documents/Unreal Projects/TowerClimber/Content/PaperAssetsFolder/Pig/Frames/Pig__Jump_0_aseprite.uasset" 792
"C:/Users/erayayasli/Documents/Unreal Projects/TowerClimber/Content/PaperAssetsFolder/Pig/Frames/Pig__Jump_0_aseprite.uexp" 793
"C:/Users/erayayasli/Documents/Unreal Projects/TowerClimber/Content/PaperAssetsFolder/Pig/Pig__Jump.uasset" 794
"C:/Users/erayayasli/Documents/Unreal Projects/TowerClimber/Content/PaperAssetsFolder/Pig/Pig__Jump.uexp" 795
"C:/Users/erayayasli/Documents/Unreal Projects/TowerClimber/Content/PaperAssetsFolder/Pig/Frames/Pig__Ground_0_aseprite.uasset" 796
"C:/Users/erayayasli/Documents/Unreal Projects/TowerClimber/Content/PaperAssetsFolder/Pig/Frames/Pig__Ground_0_aseprite.uexp" 797
"C:/Users/erayayasli/Documents/Unreal Projects/TowerClimber/Content/PaperAssetsFolder/Pig/Pig__Ground.uasset" 798
"C:/Users/erayayasli/Documents/Unreal Projects/TowerClimber/Content/PaperAssetsFolder/Pig/Pig__Ground.uexp" 799
"C:/Users/erayayasli/Documents/Unreal Projects/TowerClimber/Content/PaperAssetsFolder/Pig/Frames/Pig__Fall_0_aseprite.uasset" 800
"C:/Users/erayayasli/Documents/Unreal Projects/TowerClimber/Content/PaperAssetsFolder/Pig/Frames/Pig__Fall_0_aseprite.uexp" 801
"C:/Users/erayayasli/Documents/Unreal Projects/TowerClimber/Content/PaperAssetsFolder/Pig/Pig__Fall.uasset" 802
"C:/Users/erayayasli/Documents/Unreal Projects/TowerClimber/Content/PaperAssetsFolder/Pig/Pig__Fall.uexp" 803
"C:/Users/erayayasli/Documents/Unreal Projects/TowerClimber/Content/PaperAssetsFolder/Pig/Frames/Pig__Dead_2_aseprite.uasset" 804
"C:/Users/erayayasli/Documents/Unreal Projects/TowerClimber/Content/PaperAssetsFolder/Pig/Frames/Pig__Dead_2_aseprite.uexp" 805
"C:/Users/erayayasli/Documents/Unreal Projects/TowerClimber/Content/PaperAssetsFolder/Pig/Frames/Pig__Dead_0_aseprite.uasset" 806
"C:/Users/erayayasli/Documents/Unreal Projects/TowerClimber/Content/PaperAssetsFolder/Pig/Frames/Pig__Dead_0_aseprite.uexp" 807
"C:/Users/erayayasli/Documents/Unreal Projects/TowerClimber/Content/PaperAssetsFolder/Pig/Frames/Pig__Dead_1_aseprite.uasset" 808
"C:/Users/erayayasli/Documents/Unreal Projects/TowerClimber/Content/PaperAssetsFolder/Pig/Frames/Pig__Dead_1_aseprite.uexp" 809
"C:/Users/erayayasli/Documents/Unreal Projects/TowerClimber/Content/PaperAssetsFolder/Pig/Frames/Pig__Dead_3_aseprite.uasset" 810
"C:/Users/erayayasli/Documents/Unreal Projects/TowerClimber/Content/PaperAssetsFolder/Pig/Frames/Pig__Dead_3_aseprite.uexp" 811
"C:/Users/erayayasli/Documents/Unreal Projects/TowerClimber/Content/PaperAssetsFolder/Pig/Pig__Dead.uasset" 812
"C:/Users/erayayasli/Documents/Unreal Projects/TowerClimber/Content/PaperAssetsFolder/Pig/Pig__Dead.uexp" 813
"C:/Users/erayayasli/Documents/Unreal Projects/TowerClimber/Content/PaperAssetsFolder/Pig/Frames/Pig__Attack_1_aseprite.uasset" 814
"C:/Users/erayayasli/Documents/Unreal Projects/TowerClimber/Content/PaperAssetsFolder/Pig/Frames/Pig__Attack_1_aseprite.uexp" 815
"C:/Users/erayayasli/Documents/Unreal Projects/TowerClimber/Content/PaperAssetsFolder/Pig/Frames/Pig__Attack_0_aseprite.uasset" 816
"C:/Users/erayayasli/Documents/Unreal Projects/TowerClimber/Content/PaperAssetsFolder/Pig/Frames/Pig__Attack_0_aseprite.uexp" 817
"C:/Users/erayayasli/Documents/Unreal Projects/TowerClimber/Content/PaperAssetsFolder/Pig/Frames/Pig__Attack_4_aseprite.uasset" 818
"C:/Users/erayayasli/Documents/Unreal Projects/TowerClimber/Content/PaperAssetsFolder/Pig/Frames/Pig__Attack_4_aseprite.uexp" 819
"C:/Users/erayayasli/Documents/Unreal Projects/TowerClimber/Content/PaperAssetsFolder/Pig/Frames/Pig__Attack_2_aseprite.uasset" 820
"C:/Users/erayayasli/Documents/Unreal Projects/TowerClimber/Content/PaperAssetsFolder/Pig/Frames/Pig__Attack_2_aseprite.uexp" 821
"C:/Users/erayayasli/Documents/Unreal Projects/TowerClimber/Content/PaperAssetsFolder/Pig/Frames/Pig__Attack_3_aseprite.uasset" 822
"C:/Users/erayayasli/Documents/Unreal Projects/TowerClimber/Content/PaperAssetsFolder/Pig/Frames/Pig__Attack_3_aseprite.uexp" 823
"C:/Users/erayayasli/Documents/Unreal Projects/TowerClimber/Content/PaperAssetsFolder/Pig/Pig__Attack.uasset" 824
"C:/Users/erayayasli/Documents/Unreal Projects/TowerClimber/Content/PaperAssetsFolder/Pig/Pig__Attack.uexp" 825
"../../../Engine/Content/Maps/Entry_BuiltData.uasset" 826
"../../../Engine/Content/Maps/Entry_BuiltData.uexp" 827
"../../../Engine/Content/Maps/Entry.uexp" 828
"../../../Engine/Content/Maps/Entry.umap" 829
"C:/Users/erayayasli/Documents/Unreal Projects/TowerClimber/Content/Widget/WBP_Countdown.uasset" 830
"C:/Users/erayayasli/Documents/Unreal Projects/TowerClimber/Content/Widget/WBP_Countdown.uexp" 831
"C:/Users/erayayasli/Documents/Unreal Projects/TowerClimber/Content/Widget/WBP_Timer.uasset" 832
"C:/Users/erayayasli/Documents/Unreal Projects/TowerClimber/Content/Widget/WBP_Timer.uexp" 833
"C:/Users/erayayasli/Documents/Unreal Projects/TowerClimber/Content/Widget/WBP_Win.uasset" 834
"C:/Users/erayayasli/Documents/Unreal Projects/TowerClimber/Content/Widget/WBP_Win.uexp" 835
"../../../Engine/Content/VREditor/Sounds/UI/Camera_Shutter.ubulk" 836
"../../../Engine/Content/VREditor/Sounds/UI/Camera_Shutter.uasset" 837
"../../../Engine/Content/VREditor/Sounds/UI/Camera_Shutter.uexp" 838
"C:/Users/erayayasli/Documents/Unreal Projects/TowerClimber/Content/Blueprints/BP_Win.uasset" 839
"C:/Users/erayayasli/Documents/Unreal Projects/TowerClimber/Content/Blueprints/BP_Win.uexp" 840
"C:/Users/erayayasli/Documents/Unreal Projects/TowerClimber/Content/PaperAssetsFolder/TileSets/TerrainPadded.ubulk" 841
"C:/Users/erayayasli/Documents/Unreal Projects/TowerClimber/Content/PaperAssetsFolder/TileSets/TerrainPadded.uasset" 842
"C:/Users/erayayasli/Documents/Unreal Projects/TowerClimber/Content/PaperAssetsFolder/TileSets/TerrainPadded.uexp" 843
"C:/Users/erayayasli/Documents/Unreal Projects/TowerClimber/Content/PaperAssetsFolder/TileSets/Terrain_TileSet.uasset" 844
"C:/Users/erayayasli/Documents/Unreal Projects/TowerClimber/Content/PaperAssetsFolder/TileSets/Terrain_TileSet.uexp" 845
"C:/Users/erayayasli/Documents/Unreal Projects/TowerClimber/Content/PaperAssetsFolder/TileSets/DecorationsPadded.ubulk" 846
"C:/Users/erayayasli/Documents/Unreal Projects/TowerClimber/Content/PaperAssetsFolder/TileSets/DecorationsPadded.uasset" 847
"C:/Users/erayayasli/Documents/Unreal Projects/TowerClimber/Content/PaperAssetsFolder/TileSets/DecorationsPadded.uexp" 848
"C:/Users/erayayasli/Documents/Unreal Projects/TowerClimber/Content/PaperAssetsFolder/TileSets/Decorations_TileSet.uasset" 849
"C:/Users/erayayasli/Documents/Unreal Projects/TowerClimber/Content/PaperAssetsFolder/TileSets/Decorations_TileSet.uexp" 850
"C:/Users/erayayasli/Documents/Unreal Projects/TowerClimber/Content/PaperAssetsFolder/TileSets/Terrain_TileMap.uasset" 851
"C:/Users/erayayasli/Documents/Unreal Projects/TowerClimber/Content/PaperAssetsFolder/TileSets/Terrain_TileMap.uexp" 852
"C:/Users/erayayasli/Documents/Unreal Projects/TowerClimber/Content/PaperAssetsFolder/Spring/Frames/Spring__Idle_PNG.uasset" 853
"C:/Users/erayayasli/Documents/Unreal Projects/TowerClimber/Content/PaperAssetsFolder/Spring/Frames/Spring__Idle_PNG.uexp" 854
"C:/Users/erayayasli/Documents/Unreal Projects/TowerClimber/Content/PaperAssetsFolder/Spring/Spring__Idle_PNG_Flipbook.uasset" 855
"C:/Users/erayayasli/Documents/Unreal Projects/TowerClimber/Content/PaperAssetsFolder/Spring/Spring__Idle_PNG_Flipbook.uexp" 856
"C:/Users/erayayasli/Documents/Unreal Projects/TowerClimber/Content/PaperAssetsFolder/Spring/Frames/Spring__Active_5_PNG.uasset" 857
"C:/Users/erayayasli/Documents/Unreal Projects/TowerClimber/Content/PaperAssetsFolder/Spring/Frames/Spring__Active_5_PNG.uexp" 858
"C:/Users/erayayasli/Documents/Unreal Projects/TowerClimber/Content/PaperAssetsFolder/Spring/Frames/Spring__Active_1_PNG.uasset" 859
"C:/Users/erayayasli/Documents/Unreal Projects/TowerClimber/Content/PaperAssetsFolder/Spring/Frames/Spring__Active_1_PNG.uexp" 860
"C:/Users/erayayasli/Documents/Unreal Projects/TowerClimber/Content/PaperAssetsFolder/Spring/Frames/Spring__Active_6_PNG.uasset" 861
"C:/Users/erayayasli/Documents/Unreal Projects/TowerClimber/Content/PaperAssetsFolder/Spring/Frames/Spring__Active_6_PNG.uexp" 862
"C:/Users/erayayasli/Documents/Unreal Projects/TowerClimber/Content/PaperAssetsFolder/Spring/Frames/Spring__Active_3_PNG.uasset" 863
"C:/Users/erayayasli/Documents/Unreal Projects/TowerClimber/Content/PaperAssetsFolder/Spring/Frames/Spring__Active_3_PNG.uexp" 864
"C:/Users/erayayasli/Documents/Unreal Projects/TowerClimber/Content/PaperAssetsFolder/Spring/Frames/Spring__Active_4_PNG.uasset" 865
"C:/Users/erayayasli/Documents/Unreal Projects/TowerClimber/Content/PaperAssetsFolder/Spring/Frames/Spring__Active_4_PNG.uexp" 866
"C:/Users/erayayasli/Documents/Unreal Projects/TowerClimber/Content/PaperAssetsFolder/Spring/Frames/Spring__Active_2_PNG.uasset" 867
"C:/Users/erayayasli/Documents/Unreal Projects/TowerClimber/Content/PaperAssetsFolder/Spring/Frames/Spring__Active_2_PNG.uexp" 868
"C:/Users/erayayasli/Documents/Unreal Projects/TowerClimber/Content/PaperAssetsFolder/Spring/Frames/Spring__Active_0_PNG.uasset" 869
"C:/Users/erayayasli/Documents/Unreal Projects/TowerClimber/Content/PaperAssetsFolder/Spring/Frames/Spring__Active_0_PNG.uexp" 870
"C:/Users/erayayasli/Documents/Unreal Projects/TowerClimber/Content/PaperAssetsFolder/Spring/Spring__Active.uasset" 871
"C:/Users/erayayasli/Documents/Unreal Projects/TowerClimber/Content/PaperAssetsFolder/Spring/Spring__Active.uexp" 872
"C:/Users/erayayasli/Documents/Unreal Projects/TowerClimber/Content/Blueprints/Spring/BP_Spring.uasset" 873
"C:/Users/erayayasli/Documents/Unreal Projects/TowerClimber/Content/Blueprints/Spring/BP_Spring.uexp" 874
"C:/Users/erayayasli/Documents/Unreal Projects/TowerClimber/Content/PaperAssetsFolder/Ledges/ledge_thick_short.uasset" 875
"C:/Users/erayayasli/Documents/Unreal Projects/TowerClimber/Content/PaperAssetsFolder/Ledges/ledge_thick_short.uexp" 876
"C:/Users/erayayasli/Documents/Unreal Projects/TowerClimber/Content/PaperAssetsFolder/Ledges/ledge_thick_short_Sprite.uasset" 877
"C:/Users/erayayasli/Documents/Unreal Projects/TowerClimber/Content/PaperAssetsFolder/Ledges/ledge_thick_short_Sprite.uexp" 878
"C:/Users/erayayasli/Documents/Unreal Projects/TowerClimber/Content/PaperAssetsFolder/Ledges/ledge_thick_long.uasset" 879
"C:/Users/erayayasli/Documents/Unreal Projects/TowerClimber/Content/PaperAssetsFolder/Ledges/ledge_thick_long.uexp" 880
"C:/Users/erayayasli/Documents/Unreal Projects/TowerClimber/Content/PaperAssetsFolder/Ledges/ledge_thick_long_Sprite.uasset" 881
"C:/Users/erayayasli/Documents/Unreal Projects/TowerClimber/Content/PaperAssetsFolder/Ledges/ledge_thick_long_Sprite.uexp" 882
"C:/Users/erayayasli/Documents/Unreal Projects/TowerClimber/Content/Blueprints/Ledges/BP_Ledge_Solid.uasset" 883
"C:/Users/erayayasli/Documents/Unreal Projects/TowerClimber/Content/Blueprints/Ledges/BP_Ledge_Solid.uexp" 884
"C:/Users/erayayasli/Documents/Unreal Projects/TowerClimber/Content/Blueprints/Ledges/BP_Ledge_Solid_Narrow.uasset" 885
"C:/Users/erayayasli/Documents/Unreal Projects/TowerClimber/Content/Blueprints/Ledges/BP_Ledge_Solid_Narrow.uexp" 886
"C:/Users/erayayasli/Documents/Unreal Projects/TowerClimber/Content/PaperAssetsFolder/Ledges/ledge_thin_short.uasset" 887
"C:/Users/erayayasli/Documents/Unreal Projects/TowerClimber/Content/PaperAssetsFolder/Ledges/ledge_thin_short.uexp" 888
"C:/Users/erayayasli/Documents/Unreal Projects/TowerClimber/Content/PaperAssetsFolder/Ledges/ledge_thin_short_Sprite.uasset" 889
"C:/Users/erayayasli/Documents/Unreal Projects/TowerClimber/Content/PaperAssetsFolder/Ledges/ledge_thin_short_Sprite.uexp" 890
"C:/Users/erayayasli/Documents/Unreal Projects/TowerClimber/Content/PaperAssetsFolder/Ledges/ledge_thin_long.uasset" 891
"C:/Users/erayayasli/Documents/Unreal Projects/TowerClimber/Content/PaperAssetsFolder/Ledges/ledge_thin_long.uexp" 892
"C:/Users/erayayasli/Documents/Unreal Projects/TowerClimber/Content/PaperAssetsFolder/Ledges/ledge_thin_long_Sprite.uasset" 893
"C:/Users/erayayasli/Documents/Unreal Projects/TowerClimber/Content/PaperAssetsFolder/Ledges/ledge_thin_long_Sprite.uexp" 894
"C:/Users/erayayasli/Documents/Unreal Projects/TowerClimber/Content/Blueprints/Ledges/BP_Ledge_OneWay.uasset" 895
"C:/Users/erayayasli/Documents/Unreal Projects/TowerClimber/Content/Blueprints/Ledges/BP_Ledge_OneWay.uexp" 896
"C:/Users/erayayasli/Documents/Unreal Projects/TowerClimber/Content/Blueprints/Ledges/BP_Ledge_OneWay_Narrow.uasset" 897
"C:/Users/erayayasli/Documents/Unreal Projects/TowerClimber/Content/Blueprints/Ledges/BP_Ledge_OneWay_Narrow.uexp" 898
"C:/Users/erayayasli/Documents/Unreal Projects/TowerClimber/Content/Maps/MAP_Tower.uexp" 899
"C:/Users/erayayasli/Documents/Unreal Projects/TowerClimber/Content/Maps/MAP_Tower.umap" 900
